[DEBUG] 2022-09-22 02:38:00.023 [main] InternalLoggerFactory - Using Log4J2 as the default logging framework
[DEBUG] 2022-09-22 02:38:00.044 [main] ResourceLeakDetector - -Dio.netty.leakDetection.level: simple
[DEBUG] 2022-09-22 02:38:00.044 [main] ResourceLeakDetector - -Dio.netty.leakDetection.targetRecords: 4
[DEBUG] 2022-09-22 02:38:00.049 [main] ResourceLeakDetectorFactory - Loaded default ResourceLeakDetector: io.netty.util.ResourceLeakDetector@3e5d4f6b
[DEBUG] 2022-09-22 02:38:00.078 [main] PlatformDependent0 - -Dio.netty.noUnsafe: false
[DEBUG] 2022-09-22 02:38:00.078 [main] PlatformDependent0 - Java version: 18
[DEBUG] 2022-09-22 02:38:00.082 [main] PlatformDependent0 - sun.misc.Unsafe.theUnsafe: available
[DEBUG] 2022-09-22 02:38:00.083 [main] PlatformDependent0 - sun.misc.Unsafe.copyMemory: available
[DEBUG] 2022-09-22 02:38:00.084 [main] PlatformDependent0 - sun.misc.Unsafe.storeFence: available
[DEBUG] 2022-09-22 02:38:00.085 [main] PlatformDependent0 - java.nio.Buffer.address: available
[DEBUG] 2022-09-22 02:38:00.085 [main] PlatformDependent0 - direct buffer constructor: unavailable: Reflective setAccessible(true) disabled
[DEBUG] 2022-09-22 02:38:00.086 [main] PlatformDependent0 - java.nio.Bits.unaligned: available, true
[DEBUG] 2022-09-22 02:38:00.086 [main] PlatformDependent0 - jdk.internal.misc.Unsafe.allocateUninitializedArray(int): unavailable: class io.netty.util.internal.PlatformDependent0$7 cannot access class jdk.internal.misc.Unsafe (in module java.base) because module java.base does not export jdk.internal.misc to unnamed module @27c20538
[DEBUG] 2022-09-22 02:38:00.088 [main] PlatformDependent0 - java.nio.DirectByteBuffer.<init>(long, int): unavailable
[DEBUG] 2022-09-22 02:38:00.088 [main] PlatformDependent - sun.misc.Unsafe: available
[DEBUG] 2022-09-22 02:38:00.089 [main] PlatformDependent - maxDirectMemory: 2076180480 bytes (maybe)
[DEBUG] 2022-09-22 02:38:00.090 [main] PlatformDependent - -Dio.netty.tmpdir: C:\Users\Dell\AppData\Local\Temp (java.io.tmpdir)
[DEBUG] 2022-09-22 02:38:00.090 [main] PlatformDependent - -Dio.netty.bitMode: 64 (sun.arch.data.model)
[DEBUG] 2022-09-22 02:38:00.090 [main] PlatformDependent - Platform: Windows
[DEBUG] 2022-09-22 02:38:00.091 [main] PlatformDependent - -Dio.netty.maxDirectMemory: -1 bytes
[DEBUG] 2022-09-22 02:38:00.091 [main] PlatformDependent - -Dio.netty.uninitializedArrayAllocationThreshold: -1
[DEBUG] 2022-09-22 02:38:00.093 [main] CleanerJava9 - java.nio.ByteBuffer.cleaner(): available
[DEBUG] 2022-09-22 02:38:00.093 [main] PlatformDependent - -Dio.netty.noPreferDirect: false
[DEBUG] 2022-09-22 02:38:00.102 [main] PlatformDependent - org.jctools-core.MpscChunkedArrayQueue: available
[DEBUG] 2022-09-22 02:38:00.130 [main] InternalThreadLocalMap - -Dio.netty.threadLocalMap.stringBuilder.initialSize: 1024
[DEBUG] 2022-09-22 02:38:00.130 [main] InternalThreadLocalMap - -Dio.netty.threadLocalMap.stringBuilder.maxSize: 4096
[DEBUG] 2022-09-22 02:38:00.206 [main] JdkSslContext - Default protocols (JDK): [TLSv1.3, TLSv1.2] 
[DEBUG] 2022-09-22 02:38:00.206 [main] JdkSslContext - Default cipher suites (JDK): [TLS_ECDHE_ECDSA_WITH_AES_256_GCM_SHA384, TLS_ECDHE_ECDSA_WITH_AES_128_GCM_SHA256, TLS_ECDHE_RSA_WITH_AES_128_GCM_SHA256, TLS_ECDHE_RSA_WITH_AES_256_GCM_SHA384, TLS_ECDHE_RSA_WITH_AES_128_CBC_SHA, TLS_ECDHE_RSA_WITH_AES_256_CBC_SHA, TLS_RSA_WITH_AES_128_GCM_SHA256, TLS_RSA_WITH_AES_128_CBC_SHA, TLS_RSA_WITH_AES_256_CBC_SHA, TLS_AES_128_GCM_SHA256, TLS_AES_256_GCM_SHA384]
[DEBUG] 2022-09-22 02:38:00.239 [main] MultithreadEventLoopGroup - -Dio.netty.eventLoopThreads: 8
[DEBUG] 2022-09-22 02:38:00.249 [main] NioEventLoop - -Dio.netty.noKeySetOptimization: false
[DEBUG] 2022-09-22 02:38:00.249 [main] NioEventLoop - -Dio.netty.selectorAutoRebuildThreshold: 512
[DEBUG] 2022-09-22 02:38:00.299 [main] PooledByteBufAllocator - -Dio.netty.allocator.numHeapArenas: 8
[DEBUG] 2022-09-22 02:38:00.299 [main] PooledByteBufAllocator - -Dio.netty.allocator.numDirectArenas: 8
[DEBUG] 2022-09-22 02:38:00.299 [main] PooledByteBufAllocator - -Dio.netty.allocator.pageSize: 8192
[DEBUG] 2022-09-22 02:38:00.299 [main] PooledByteBufAllocator - -Dio.netty.allocator.maxOrder: 9
[DEBUG] 2022-09-22 02:38:00.299 [main] PooledByteBufAllocator - -Dio.netty.allocator.chunkSize: 4194304
[DEBUG] 2022-09-22 02:38:00.299 [main] PooledByteBufAllocator - -Dio.netty.allocator.smallCacheSize: 256
[DEBUG] 2022-09-22 02:38:00.299 [main] PooledByteBufAllocator - -Dio.netty.allocator.normalCacheSize: 64
[DEBUG] 2022-09-22 02:38:00.299 [main] PooledByteBufAllocator - -Dio.netty.allocator.maxCachedBufferCapacity: 32768
[DEBUG] 2022-09-22 02:38:00.299 [main] PooledByteBufAllocator - -Dio.netty.allocator.cacheTrimInterval: 8192
[DEBUG] 2022-09-22 02:38:00.300 [main] PooledByteBufAllocator - -Dio.netty.allocator.cacheTrimIntervalMillis: 0
[DEBUG] 2022-09-22 02:38:00.300 [main] PooledByteBufAllocator - -Dio.netty.allocator.useCacheForAllThreads: false
[DEBUG] 2022-09-22 02:38:00.300 [main] PooledByteBufAllocator - -Dio.netty.allocator.maxCachedByteBuffersPerChunk: 1023
[DEBUG] 2022-09-22 02:38:00.309 [main] ByteBufUtil - -Dio.netty.allocator.type: pooled
[DEBUG] 2022-09-22 02:38:00.309 [main] ByteBufUtil - -Dio.netty.threadLocalDirectBufferSize: 0
[DEBUG] 2022-09-22 02:38:00.309 [main] ByteBufUtil - -Dio.netty.maxThreadLocalCharBufferSize: 16384
[DEBUG] 2022-09-22 02:38:00.562 [Forwarding newSession on session null to remote] DefaultChannelId - -Dio.netty.processId: 13700 (auto-detected)
[DEBUG] 2022-09-22 02:38:00.565 [Forwarding newSession on session null to remote] NetUtil - -Djava.net.preferIPv4Stack: false
[DEBUG] 2022-09-22 02:38:00.565 [Forwarding newSession on session null to remote] NetUtil - -Djava.net.preferIPv6Addresses: false
[DEBUG] 2022-09-22 02:38:00.575 [Forwarding newSession on session null to remote] NetUtilInitializations - Loopback interface: lo (Software Loopback Interface 1, 127.0.0.1)
[DEBUG] 2022-09-22 02:38:00.576 [Forwarding newSession on session null to remote] NetUtil - Failed to get SOMAXCONN from sysctl and file \proc\sys\net\core\somaxconn. Default: 200
[DEBUG] 2022-09-22 02:38:00.604 [Forwarding newSession on session null to remote] DefaultChannelId - -Dio.netty.machineId: 98:43:fa:ff:fe:0a:d7:fa (auto-detected)
[DEBUG] 2022-09-22 02:38:00.662 [AsyncHttpClient-1-2] AbstractByteBuf - -Dio.netty.buffer.checkAccessible: true
[DEBUG] 2022-09-22 02:38:00.662 [AsyncHttpClient-1-2] AbstractByteBuf - -Dio.netty.buffer.checkBounds: true
[DEBUG] 2022-09-22 02:38:00.662 [AsyncHttpClient-1-2] ResourceLeakDetectorFactory - Loaded default ResourceLeakDetector: io.netty.util.ResourceLeakDetector@497d71d8
[DEBUG] 2022-09-22 02:38:00.684 [AsyncHttpClient-1-2] Recycler - -Dio.netty.recycler.maxCapacityPerThread: 4096
[DEBUG] 2022-09-22 02:38:00.684 [AsyncHttpClient-1-2] Recycler - -Dio.netty.recycler.ratio: 8
[DEBUG] 2022-09-22 02:38:00.684 [AsyncHttpClient-1-2] Recycler - -Dio.netty.recycler.chunkSize: 32
[DEBUG] 2022-09-22 02:38:00.684 [AsyncHttpClient-1-2] Recycler - -Dio.netty.recycler.blocking: false
[DEBUG] 2022-09-22 02:38:03.995 [AsyncHttpClient-1-2] Brotli - brotli4j not in the classpath; Brotli support will be unavailable.
[INFO ] 2022-09-22 02:38:05.866 [main] Test_MagrabiSearch3_TestNG_Demo2 - This is information message
[INFO ] 2022-09-22 02:38:05.866 [main] Test_MagrabiSearch3_TestNG_Demo2 - This is information message
[ERROR] 2022-09-22 02:38:05.866 [main] Test_MagrabiSearch3_TestNG_Demo2 - This is error message
[ERROR] 2022-09-22 02:38:05.866 [main] Test_MagrabiSearch3_TestNG_Demo2 - This is error message
[WARN ] 2022-09-22 02:38:05.866 [main] Test_MagrabiSearch3_TestNG_Demo2 - This is warning message
[WARN ] 2022-09-22 02:38:05.866 [main] Test_MagrabiSearch3_TestNG_Demo2 - This is warning message
[FATAL] 2022-09-22 02:38:05.866 [main] Test_MagrabiSearch3_TestNG_Demo2 - This is fatal message
[FATAL] 2022-09-22 02:38:05.866 [main] Test_MagrabiSearch3_TestNG_Demo2 - This is fatal message
[INFO ] 2022-09-22 02:38:10.396 [main] Test_MagrabiSearch3_TestNG_Demo2 - This is information message
[INFO ] 2022-09-22 02:38:10.396 [main] Test_MagrabiSearch3_TestNG_Demo2 - This is information message
[ERROR] 2022-09-22 02:38:10.396 [main] Test_MagrabiSearch3_TestNG_Demo2 - This is error message
[ERROR] 2022-09-22 02:38:10.396 [main] Test_MagrabiSearch3_TestNG_Demo2 - This is error message
[WARN ] 2022-09-22 02:38:10.396 [main] Test_MagrabiSearch3_TestNG_Demo2 - This is warning message
[WARN ] 2022-09-22 02:38:10.396 [main] Test_MagrabiSearch3_TestNG_Demo2 - This is warning message
[FATAL] 2022-09-22 02:38:10.397 [main] Test_MagrabiSearch3_TestNG_Demo2 - This is fatal message
[FATAL] 2022-09-22 02:38:10.397 [main] Test_MagrabiSearch3_TestNG_Demo2 - This is fatal message
[DEBUG] 2022-09-22 02:39:15.750 [main] InternalLoggerFactory - Using Log4J2 as the default logging framework
[DEBUG] 2022-09-22 02:39:15.760 [main] ResourceLeakDetector - -Dio.netty.leakDetection.level: simple
[DEBUG] 2022-09-22 02:39:15.761 [main] ResourceLeakDetector - -Dio.netty.leakDetection.targetRecords: 4
[DEBUG] 2022-09-22 02:39:15.766 [main] ResourceLeakDetectorFactory - Loaded default ResourceLeakDetector: io.netty.util.ResourceLeakDetector@367b22e5
[DEBUG] 2022-09-22 02:39:15.796 [main] PlatformDependent0 - -Dio.netty.noUnsafe: false
[DEBUG] 2022-09-22 02:39:15.796 [main] PlatformDependent0 - Java version: 18
[DEBUG] 2022-09-22 02:39:15.798 [main] PlatformDependent0 - sun.misc.Unsafe.theUnsafe: available
[DEBUG] 2022-09-22 02:39:15.798 [main] PlatformDependent0 - sun.misc.Unsafe.copyMemory: available
[DEBUG] 2022-09-22 02:39:15.799 [main] PlatformDependent0 - sun.misc.Unsafe.storeFence: available
[DEBUG] 2022-09-22 02:39:15.801 [main] PlatformDependent0 - java.nio.Buffer.address: available
[DEBUG] 2022-09-22 02:39:15.802 [main] PlatformDependent0 - direct buffer constructor: unavailable
java.lang.UnsupportedOperationException: Reflective setAccessible(true) disabled
	at io.netty.util.internal.ReflectionUtil.trySetAccessible(ReflectionUtil.java:31) ~[netty-common-4.1.78.Final.jar:4.1.78.Final]
	at io.netty.util.internal.PlatformDependent0$5.run(PlatformDependent0.java:287) ~[netty-common-4.1.78.Final.jar:4.1.78.Final]
	at java.security.AccessController.doPrivileged(AccessController.java:318) ~[?:?]
	at io.netty.util.internal.PlatformDependent0.<clinit>(PlatformDependent0.java:281) ~[netty-common-4.1.78.Final.jar:4.1.78.Final]
	at io.netty.util.internal.PlatformDependent.isAndroid(PlatformDependent.java:294) ~[netty-common-4.1.78.Final.jar:4.1.78.Final]
	at io.netty.util.internal.PlatformDependent.<clinit>(PlatformDependent.java:88) ~[netty-common-4.1.78.Final.jar:4.1.78.Final]
	at io.netty.util.HashedWheelTimer.<init>(HashedWheelTimer.java:114) ~[netty-common-4.1.78.Final.jar:4.1.78.Final]
	at io.netty.util.HashedWheelTimer.<init>(HashedWheelTimer.java:251) ~[netty-common-4.1.78.Final.jar:4.1.78.Final]
	at io.netty.util.HashedWheelTimer.<init>(HashedWheelTimer.java:224) ~[netty-common-4.1.78.Final.jar:4.1.78.Final]
	at io.netty.util.HashedWheelTimer.<init>(HashedWheelTimer.java:203) ~[netty-common-4.1.78.Final.jar:4.1.78.Final]
	at org.asynchttpclient.DefaultAsyncHttpClient.newNettyTimer(DefaultAsyncHttpClient.java:111) ~[async-http-client-2.12.3.jar:?]
	at org.asynchttpclient.DefaultAsyncHttpClient.<init>(DefaultAsyncHttpClient.java:90) ~[async-http-client-2.12.3.jar:?]
	at org.asynchttpclient.Dsl.asyncHttpClient(Dsl.java:32) ~[async-http-client-2.12.3.jar:?]
	at org.openqa.selenium.remote.http.netty.NettyClient.createHttpClient(NettyClient.java:93) ~[selenium-remote-driver-4.4.0.jar:?]
	at org.openqa.selenium.remote.http.netty.NettyClient.<clinit>(NettyClient.java:47) ~[selenium-remote-driver-4.4.0.jar:?]
	at org.openqa.selenium.remote.http.netty.NettyClient$Factory.createClient(NettyClient.java:134) ~[selenium-remote-driver-4.4.0.jar:?]
	at org.openqa.selenium.remote.HttpCommandExecutor.<init>(HttpCommandExecutor.java:107) ~[selenium-remote-driver-4.4.0.jar:?]
	at org.openqa.selenium.remote.HttpCommandExecutor.<init>(HttpCommandExecutor.java:94) ~[selenium-remote-driver-4.4.0.jar:?]
	at org.openqa.selenium.remote.HttpCommandExecutor.<init>(HttpCommandExecutor.java:85) ~[selenium-remote-driver-4.4.0.jar:?]
	at org.openqa.selenium.remote.service.DriverCommandExecutor.<init>(DriverCommandExecutor.java:80) ~[selenium-remote-driver-4.4.0.jar:?]
	at org.openqa.selenium.firefox.FirefoxDriver$FirefoxDriverCommandExecutor.<init>(FirefoxDriver.java:331) ~[selenium-firefox-driver-4.4.0.jar:?]
	at org.openqa.selenium.firefox.FirefoxDriver.<init>(FirefoxDriver.java:98) ~[selenium-firefox-driver-4.4.0.jar:?]
	at org.openqa.selenium.firefox.FirefoxDriver.<init>(FirefoxDriver.java:94) ~[selenium-firefox-driver-4.4.0.jar:?]
	at com.magrabi.WEB.Tests.Test_MagrabiSearch3_TestNG_Demo2.beforeTest(Test_MagrabiSearch3_TestNG_Demo2.java:46) ~[test-classes/:?]
	at jdk.internal.reflect.DirectMethodHandleAccessor.invoke(DirectMethodHandleAccessor.java:104) ~[?:?]
	at java.lang.reflect.Method.invoke(Method.java:577) ~[?:?]
	at org.testng.internal.invokers.MethodInvocationHelper.invokeMethod(MethodInvocationHelper.java:139) ~[testng-7.6.0.jar:7.6.0]
	at org.testng.internal.invokers.MethodInvocationHelper.invokeMethodConsideringTimeout(MethodInvocationHelper.java:69) ~[testng-7.6.0.jar:7.6.0]
	at org.testng.internal.invokers.ConfigInvoker.invokeConfigurationMethod(ConfigInvoker.java:361) ~[testng-7.6.0.jar:7.6.0]
	at org.testng.internal.invokers.ConfigInvoker.invokeConfigurations(ConfigInvoker.java:296) ~[testng-7.6.0.jar:7.6.0]
	at org.testng.internal.invokers.TestInvoker.runConfigMethods(TestInvoker.java:816) ~[testng-7.6.0.jar:7.6.0]
	at org.testng.internal.invokers.TestInvoker.invokeMethod(TestInvoker.java:590) ~[testng-7.6.0.jar:7.6.0]
	at org.testng.internal.invokers.TestInvoker.invokeTestMethod(TestInvoker.java:221) ~[testng-7.6.0.jar:7.6.0]
	at org.testng.internal.invokers.MethodRunner.runInSequence(MethodRunner.java:50) ~[testng-7.6.0.jar:7.6.0]
	at org.testng.internal.invokers.TestInvoker$MethodInvocationAgent.invoke(TestInvoker.java:962) ~[testng-7.6.0.jar:7.6.0]
	at org.testng.internal.invokers.TestInvoker.invokeTestMethods(TestInvoker.java:194) ~[testng-7.6.0.jar:7.6.0]
	at org.testng.internal.invokers.TestMethodWorker.invokeTestMethods(TestMethodWorker.java:148) ~[testng-7.6.0.jar:7.6.0]
	at org.testng.internal.invokers.TestMethodWorker.run(TestMethodWorker.java:128) ~[testng-7.6.0.jar:7.6.0]
	at java.util.ArrayList.forEach(ArrayList.java:1511) ~[?:?]
	at org.testng.TestRunner.privateRun(TestRunner.java:806) ~[testng-7.6.0.jar:7.6.0]
	at org.testng.TestRunner.run(TestRunner.java:601) ~[testng-7.6.0.jar:7.6.0]
	at org.testng.SuiteRunner.runTest(SuiteRunner.java:433) ~[testng-7.6.0.jar:7.6.0]
	at org.testng.SuiteRunner.runSequentially(SuiteRunner.java:427) ~[testng-7.6.0.jar:7.6.0]
	at org.testng.SuiteRunner.privateRun(SuiteRunner.java:387) ~[testng-7.6.0.jar:7.6.0]
	at org.testng.SuiteRunner.run(SuiteRunner.java:330) ~[testng-7.6.0.jar:7.6.0]
	at org.testng.SuiteRunnerWorker.runSuite(SuiteRunnerWorker.java:52) ~[testng-7.6.0.jar:7.6.0]
	at org.testng.SuiteRunnerWorker.run(SuiteRunnerWorker.java:95) ~[testng-7.6.0.jar:7.6.0]
	at org.testng.TestNG.runSuitesSequentially(TestNG.java:1256) ~[testng-7.6.0.jar:7.6.0]
	at org.testng.TestNG.runSuitesLocally(TestNG.java:1176) ~[testng-7.6.0.jar:7.6.0]
	at org.testng.TestNG.runSuites(TestNG.java:1099) ~[testng-7.6.0.jar:7.6.0]
	at org.testng.TestNG.run(TestNG.java:1067) ~[testng-7.6.0.jar:7.6.0]
	at org.testng.remote.AbstractRemoteTestNG.run(AbstractRemoteTestNG.java:115) ~[testng-remote.jar:?]
	at org.testng.remote.RemoteTestNG.initAndRun(RemoteTestNG.java:251) ~[testng-remote.jar:?]
	at org.testng.remote.RemoteTestNG.main(RemoteTestNG.java:77) ~[testng-remote.jar:?]
[DEBUG] 2022-09-22 02:39:15.811 [main] PlatformDependent0 - java.nio.Bits.unaligned: available, true
[DEBUG] 2022-09-22 02:39:15.813 [main] PlatformDependent0 - jdk.internal.misc.Unsafe.allocateUninitializedArray(int): unavailable
java.lang.IllegalAccessException: class io.netty.util.internal.PlatformDependent0$7 cannot access class jdk.internal.misc.Unsafe (in module java.base) because module java.base does not export jdk.internal.misc to unnamed module @27c20538
	at jdk.internal.reflect.Reflection.newIllegalAccessException(Reflection.java:394) ~[?:?]
	at java.lang.reflect.AccessibleObject.checkAccess(AccessibleObject.java:674) ~[?:?]
	at java.lang.reflect.Method.invoke(Method.java:568) ~[?:?]
	at io.netty.util.internal.PlatformDependent0$7.run(PlatformDependent0.java:409) ~[netty-common-4.1.78.Final.jar:4.1.78.Final]
	at java.security.AccessController.doPrivileged(AccessController.java:318) ~[?:?]
	at io.netty.util.internal.PlatformDependent0.<clinit>(PlatformDependent0.java:400) ~[netty-common-4.1.78.Final.jar:4.1.78.Final]
	at io.netty.util.internal.PlatformDependent.isAndroid(PlatformDependent.java:294) ~[netty-common-4.1.78.Final.jar:4.1.78.Final]
	at io.netty.util.internal.PlatformDependent.<clinit>(PlatformDependent.java:88) ~[netty-common-4.1.78.Final.jar:4.1.78.Final]
	at io.netty.util.HashedWheelTimer.<init>(HashedWheelTimer.java:114) ~[netty-common-4.1.78.Final.jar:4.1.78.Final]
	at io.netty.util.HashedWheelTimer.<init>(HashedWheelTimer.java:251) ~[netty-common-4.1.78.Final.jar:4.1.78.Final]
	at io.netty.util.HashedWheelTimer.<init>(HashedWheelTimer.java:224) ~[netty-common-4.1.78.Final.jar:4.1.78.Final]
	at io.netty.util.HashedWheelTimer.<init>(HashedWheelTimer.java:203) ~[netty-common-4.1.78.Final.jar:4.1.78.Final]
	at org.asynchttpclient.DefaultAsyncHttpClient.newNettyTimer(DefaultAsyncHttpClient.java:111) ~[async-http-client-2.12.3.jar:?]
	at org.asynchttpclient.DefaultAsyncHttpClient.<init>(DefaultAsyncHttpClient.java:90) ~[async-http-client-2.12.3.jar:?]
	at org.asynchttpclient.Dsl.asyncHttpClient(Dsl.java:32) ~[async-http-client-2.12.3.jar:?]
	at org.openqa.selenium.remote.http.netty.NettyClient.createHttpClient(NettyClient.java:93) ~[selenium-remote-driver-4.4.0.jar:?]
	at org.openqa.selenium.remote.http.netty.NettyClient.<clinit>(NettyClient.java:47) ~[selenium-remote-driver-4.4.0.jar:?]
	at org.openqa.selenium.remote.http.netty.NettyClient$Factory.createClient(NettyClient.java:134) ~[selenium-remote-driver-4.4.0.jar:?]
	at org.openqa.selenium.remote.HttpCommandExecutor.<init>(HttpCommandExecutor.java:107) ~[selenium-remote-driver-4.4.0.jar:?]
	at org.openqa.selenium.remote.HttpCommandExecutor.<init>(HttpCommandExecutor.java:94) ~[selenium-remote-driver-4.4.0.jar:?]
	at org.openqa.selenium.remote.HttpCommandExecutor.<init>(HttpCommandExecutor.java:85) ~[selenium-remote-driver-4.4.0.jar:?]
	at org.openqa.selenium.remote.service.DriverCommandExecutor.<init>(DriverCommandExecutor.java:80) ~[selenium-remote-driver-4.4.0.jar:?]
	at org.openqa.selenium.firefox.FirefoxDriver$FirefoxDriverCommandExecutor.<init>(FirefoxDriver.java:331) ~[selenium-firefox-driver-4.4.0.jar:?]
	at org.openqa.selenium.firefox.FirefoxDriver.<init>(FirefoxDriver.java:98) ~[selenium-firefox-driver-4.4.0.jar:?]
	at org.openqa.selenium.firefox.FirefoxDriver.<init>(FirefoxDriver.java:94) ~[selenium-firefox-driver-4.4.0.jar:?]
	at com.magrabi.WEB.Tests.Test_MagrabiSearch3_TestNG_Demo2.beforeTest(Test_MagrabiSearch3_TestNG_Demo2.java:46) ~[test-classes/:?]
	at jdk.internal.reflect.DirectMethodHandleAccessor.invoke(DirectMethodHandleAccessor.java:104) ~[?:?]
	at java.lang.reflect.Method.invoke(Method.java:577) ~[?:?]
	at org.testng.internal.invokers.MethodInvocationHelper.invokeMethod(MethodInvocationHelper.java:139) ~[testng-7.6.0.jar:7.6.0]
	at org.testng.internal.invokers.MethodInvocationHelper.invokeMethodConsideringTimeout(MethodInvocationHelper.java:69) ~[testng-7.6.0.jar:7.6.0]
	at org.testng.internal.invokers.ConfigInvoker.invokeConfigurationMethod(ConfigInvoker.java:361) ~[testng-7.6.0.jar:7.6.0]
	at org.testng.internal.invokers.ConfigInvoker.invokeConfigurations(ConfigInvoker.java:296) ~[testng-7.6.0.jar:7.6.0]
	at org.testng.internal.invokers.TestInvoker.runConfigMethods(TestInvoker.java:816) ~[testng-7.6.0.jar:7.6.0]
	at org.testng.internal.invokers.TestInvoker.invokeMethod(TestInvoker.java:590) ~[testng-7.6.0.jar:7.6.0]
	at org.testng.internal.invokers.TestInvoker.invokeTestMethod(TestInvoker.java:221) ~[testng-7.6.0.jar:7.6.0]
	at org.testng.internal.invokers.MethodRunner.runInSequence(MethodRunner.java:50) ~[testng-7.6.0.jar:7.6.0]
	at org.testng.internal.invokers.TestInvoker$MethodInvocationAgent.invoke(TestInvoker.java:962) ~[testng-7.6.0.jar:7.6.0]
	at org.testng.internal.invokers.TestInvoker.invokeTestMethods(TestInvoker.java:194) ~[testng-7.6.0.jar:7.6.0]
	at org.testng.internal.invokers.TestMethodWorker.invokeTestMethods(TestMethodWorker.java:148) ~[testng-7.6.0.jar:7.6.0]
	at org.testng.internal.invokers.TestMethodWorker.run(TestMethodWorker.java:128) ~[testng-7.6.0.jar:7.6.0]
	at java.util.ArrayList.forEach(ArrayList.java:1511) ~[?:?]
	at org.testng.TestRunner.privateRun(TestRunner.java:806) ~[testng-7.6.0.jar:7.6.0]
	at org.testng.TestRunner.run(TestRunner.java:601) ~[testng-7.6.0.jar:7.6.0]
	at org.testng.SuiteRunner.runTest(SuiteRunner.java:433) ~[testng-7.6.0.jar:7.6.0]
	at org.testng.SuiteRunner.runSequentially(SuiteRunner.java:427) ~[testng-7.6.0.jar:7.6.0]
	at org.testng.SuiteRunner.privateRun(SuiteRunner.java:387) ~[testng-7.6.0.jar:7.6.0]
	at org.testng.SuiteRunner.run(SuiteRunner.java:330) ~[testng-7.6.0.jar:7.6.0]
	at org.testng.SuiteRunnerWorker.runSuite(SuiteRunnerWorker.java:52) ~[testng-7.6.0.jar:7.6.0]
	at org.testng.SuiteRunnerWorker.run(SuiteRunnerWorker.java:95) ~[testng-7.6.0.jar:7.6.0]
	at org.testng.TestNG.runSuitesSequentially(TestNG.java:1256) ~[testng-7.6.0.jar:7.6.0]
	at org.testng.TestNG.runSuitesLocally(TestNG.java:1176) ~[testng-7.6.0.jar:7.6.0]
	at org.testng.TestNG.runSuites(TestNG.java:1099) ~[testng-7.6.0.jar:7.6.0]
	at org.testng.TestNG.run(TestNG.java:1067) ~[testng-7.6.0.jar:7.6.0]
	at org.testng.remote.AbstractRemoteTestNG.run(AbstractRemoteTestNG.java:115) ~[testng-remote.jar:?]
	at org.testng.remote.RemoteTestNG.initAndRun(RemoteTestNG.java:251) ~[testng-remote.jar:?]
	at org.testng.remote.RemoteTestNG.main(RemoteTestNG.java:77) ~[testng-remote.jar:?]
[DEBUG] 2022-09-22 02:39:15.817 [main] PlatformDependent0 - java.nio.DirectByteBuffer.<init>(long, int): unavailable
[DEBUG] 2022-09-22 02:39:15.817 [main] PlatformDependent - sun.misc.Unsafe: available
[DEBUG] 2022-09-22 02:39:15.819 [main] PlatformDependent - maxDirectMemory: 2076180480 bytes (maybe)
[DEBUG] 2022-09-22 02:39:15.819 [main] PlatformDependent - -Dio.netty.tmpdir: C:\Users\Dell\AppData\Local\Temp (java.io.tmpdir)
[DEBUG] 2022-09-22 02:39:15.819 [main] PlatformDependent - -Dio.netty.bitMode: 64 (sun.arch.data.model)
[DEBUG] 2022-09-22 02:39:15.819 [main] PlatformDependent - Platform: Windows
[DEBUG] 2022-09-22 02:39:15.821 [main] PlatformDependent - -Dio.netty.maxDirectMemory: -1 bytes
[DEBUG] 2022-09-22 02:39:15.821 [main] PlatformDependent - -Dio.netty.uninitializedArrayAllocationThreshold: -1
[DEBUG] 2022-09-22 02:39:15.826 [main] CleanerJava9 - java.nio.ByteBuffer.cleaner(): available
[DEBUG] 2022-09-22 02:39:15.826 [main] PlatformDependent - -Dio.netty.noPreferDirect: false
[DEBUG] 2022-09-22 02:39:15.839 [main] PlatformDependent - org.jctools-core.MpscChunkedArrayQueue: available
[DEBUG] 2022-09-22 02:39:15.864 [main] InternalThreadLocalMap - -Dio.netty.threadLocalMap.stringBuilder.initialSize: 1024
[DEBUG] 2022-09-22 02:39:15.864 [main] InternalThreadLocalMap - -Dio.netty.threadLocalMap.stringBuilder.maxSize: 4096
[DEBUG] 2022-09-22 02:39:15.938 [main] JdkSslContext - Default protocols (JDK): [TLSv1.3, TLSv1.2] 
[DEBUG] 2022-09-22 02:39:15.938 [main] JdkSslContext - Default cipher suites (JDK): [TLS_ECDHE_ECDSA_WITH_AES_256_GCM_SHA384, TLS_ECDHE_ECDSA_WITH_AES_128_GCM_SHA256, TLS_ECDHE_RSA_WITH_AES_128_GCM_SHA256, TLS_ECDHE_RSA_WITH_AES_256_GCM_SHA384, TLS_ECDHE_RSA_WITH_AES_128_CBC_SHA, TLS_ECDHE_RSA_WITH_AES_256_CBC_SHA, TLS_RSA_WITH_AES_128_GCM_SHA256, TLS_RSA_WITH_AES_128_CBC_SHA, TLS_RSA_WITH_AES_256_CBC_SHA, TLS_AES_128_GCM_SHA256, TLS_AES_256_GCM_SHA384]
[DEBUG] 2022-09-22 02:39:15.973 [main] MultithreadEventLoopGroup - -Dio.netty.eventLoopThreads: 8
[DEBUG] 2022-09-22 02:39:15.985 [main] NioEventLoop - -Dio.netty.noKeySetOptimization: false
[DEBUG] 2022-09-22 02:39:15.985 [main] NioEventLoop - -Dio.netty.selectorAutoRebuildThreshold: 512
[TRACE] 2022-09-22 02:39:16.003 [main] NioEventLoop - instrumented a special java.util.Set into: sun.nio.ch.WEPollSelectorImpl@29a1505c
[TRACE] 2022-09-22 02:39:16.004 [main] NioEventLoop - instrumented a special java.util.Set into: sun.nio.ch.WEPollSelectorImpl@2ba5aa7a
[TRACE] 2022-09-22 02:39:16.007 [main] NioEventLoop - instrumented a special java.util.Set into: sun.nio.ch.WEPollSelectorImpl@4d3ca6c7
[TRACE] 2022-09-22 02:39:16.008 [main] NioEventLoop - instrumented a special java.util.Set into: sun.nio.ch.WEPollSelectorImpl@22e5f96e
[TRACE] 2022-09-22 02:39:16.009 [main] NioEventLoop - instrumented a special java.util.Set into: sun.nio.ch.WEPollSelectorImpl@6a638c79
[TRACE] 2022-09-22 02:39:16.010 [main] NioEventLoop - instrumented a special java.util.Set into: sun.nio.ch.WEPollSelectorImpl@6c931d35
[TRACE] 2022-09-22 02:39:16.010 [main] NioEventLoop - instrumented a special java.util.Set into: sun.nio.ch.WEPollSelectorImpl@44b194fe
[TRACE] 2022-09-22 02:39:16.014 [main] NioEventLoop - instrumented a special java.util.Set into: sun.nio.ch.WEPollSelectorImpl@49122b8f
[DEBUG] 2022-09-22 02:39:16.045 [main] PooledByteBufAllocator - -Dio.netty.allocator.numHeapArenas: 8
[DEBUG] 2022-09-22 02:39:16.046 [main] PooledByteBufAllocator - -Dio.netty.allocator.numDirectArenas: 8
[DEBUG] 2022-09-22 02:39:16.046 [main] PooledByteBufAllocator - -Dio.netty.allocator.pageSize: 8192
[DEBUG] 2022-09-22 02:39:16.046 [main] PooledByteBufAllocator - -Dio.netty.allocator.maxOrder: 9
[DEBUG] 2022-09-22 02:39:16.046 [main] PooledByteBufAllocator - -Dio.netty.allocator.chunkSize: 4194304
[DEBUG] 2022-09-22 02:39:16.046 [main] PooledByteBufAllocator - -Dio.netty.allocator.smallCacheSize: 256
[DEBUG] 2022-09-22 02:39:16.046 [main] PooledByteBufAllocator - -Dio.netty.allocator.normalCacheSize: 64
[DEBUG] 2022-09-22 02:39:16.047 [main] PooledByteBufAllocator - -Dio.netty.allocator.maxCachedBufferCapacity: 32768
[DEBUG] 2022-09-22 02:39:16.047 [main] PooledByteBufAllocator - -Dio.netty.allocator.cacheTrimInterval: 8192
[DEBUG] 2022-09-22 02:39:16.047 [main] PooledByteBufAllocator - -Dio.netty.allocator.cacheTrimIntervalMillis: 0
[DEBUG] 2022-09-22 02:39:16.047 [main] PooledByteBufAllocator - -Dio.netty.allocator.useCacheForAllThreads: false
[DEBUG] 2022-09-22 02:39:16.047 [main] PooledByteBufAllocator - -Dio.netty.allocator.maxCachedByteBuffersPerChunk: 1023
[DEBUG] 2022-09-22 02:39:16.060 [main] ByteBufUtil - -Dio.netty.allocator.type: pooled
[DEBUG] 2022-09-22 02:39:16.060 [main] ByteBufUtil - -Dio.netty.threadLocalDirectBufferSize: 0
[DEBUG] 2022-09-22 02:39:16.060 [main] ByteBufUtil - -Dio.netty.maxThreadLocalCharBufferSize: 16384
[DEBUG] 2022-09-22 02:39:16.427 [Forwarding newSession on session null to remote] DefaultChannelId - -Dio.netty.processId: 27052 (auto-detected)
[DEBUG] 2022-09-22 02:39:16.430 [Forwarding newSession on session null to remote] NetUtil - -Djava.net.preferIPv4Stack: false
[DEBUG] 2022-09-22 02:39:16.430 [Forwarding newSession on session null to remote] NetUtil - -Djava.net.preferIPv6Addresses: false
[DEBUG] 2022-09-22 02:39:16.451 [Forwarding newSession on session null to remote] NetUtilInitializations - Loopback interface: lo (Software Loopback Interface 1, 127.0.0.1)
[DEBUG] 2022-09-22 02:39:16.452 [Forwarding newSession on session null to remote] NetUtil - Failed to get SOMAXCONN from sysctl and file \proc\sys\net\core\somaxconn. Default: 200
[DEBUG] 2022-09-22 02:39:16.490 [Forwarding newSession on session null to remote] DefaultChannelId - -Dio.netty.machineId: 98:43:fa:ff:fe:0a:d7:fa (auto-detected)
[DEBUG] 2022-09-22 02:39:16.527 [AsyncHttpClient-1-2] AbstractByteBuf - -Dio.netty.buffer.checkAccessible: true
[DEBUG] 2022-09-22 02:39:16.528 [AsyncHttpClient-1-2] AbstractByteBuf - -Dio.netty.buffer.checkBounds: true
[DEBUG] 2022-09-22 02:39:16.529 [AsyncHttpClient-1-2] ResourceLeakDetectorFactory - Loaded default ResourceLeakDetector: io.netty.util.ResourceLeakDetector@f871259
[DEBUG] 2022-09-22 02:39:16.550 [AsyncHttpClient-1-2] Recycler - -Dio.netty.recycler.maxCapacityPerThread: 4096
[DEBUG] 2022-09-22 02:39:16.550 [AsyncHttpClient-1-2] Recycler - -Dio.netty.recycler.ratio: 8
[DEBUG] 2022-09-22 02:39:16.550 [AsyncHttpClient-1-2] Recycler - -Dio.netty.recycler.chunkSize: 32
[DEBUG] 2022-09-22 02:39:16.550 [AsyncHttpClient-1-2] Recycler - -Dio.netty.recycler.blocking: false
[DEBUG] 2022-09-22 02:39:19.439 [AsyncHttpClient-1-2] Brotli - brotli4j not in the classpath; Brotli support will be unavailable.
[INFO ] 2022-09-22 02:39:21.278 [main] Test_MagrabiSearch3_TestNG_Demo2 - This is information message
[INFO ] 2022-09-22 02:39:21.278 [main] Test_MagrabiSearch3_TestNG_Demo2 - This is information message
[ERROR] 2022-09-22 02:39:21.279 [main] Test_MagrabiSearch3_TestNG_Demo2 - This is error message
[ERROR] 2022-09-22 02:39:21.279 [main] Test_MagrabiSearch3_TestNG_Demo2 - This is error message
[WARN ] 2022-09-22 02:39:21.280 [main] Test_MagrabiSearch3_TestNG_Demo2 - This is warning message
[WARN ] 2022-09-22 02:39:21.280 [main] Test_MagrabiSearch3_TestNG_Demo2 - This is warning message
[FATAL] 2022-09-22 02:39:21.280 [main] Test_MagrabiSearch3_TestNG_Demo2 - This is fatal message
[FATAL] 2022-09-22 02:39:21.280 [main] Test_MagrabiSearch3_TestNG_Demo2 - This is fatal message
[INFO ] 2022-09-22 02:39:25.878 [main] Test_MagrabiSearch3_TestNG_Demo2 - This is information message
[INFO ] 2022-09-22 02:39:25.878 [main] Test_MagrabiSearch3_TestNG_Demo2 - This is information message
[ERROR] 2022-09-22 02:39:25.878 [main] Test_MagrabiSearch3_TestNG_Demo2 - This is error message
[ERROR] 2022-09-22 02:39:25.878 [main] Test_MagrabiSearch3_TestNG_Demo2 - This is error message
[WARN ] 2022-09-22 02:39:25.879 [main] Test_MagrabiSearch3_TestNG_Demo2 - This is warning message
[WARN ] 2022-09-22 02:39:25.879 [main] Test_MagrabiSearch3_TestNG_Demo2 - This is warning message
[FATAL] 2022-09-22 02:39:25.879 [main] Test_MagrabiSearch3_TestNG_Demo2 - This is fatal message
[FATAL] 2022-09-22 02:39:25.879 [main] Test_MagrabiSearch3_TestNG_Demo2 - This is fatal message
