[INFO ] 2023-05-15 15:47:08.995 [main] Test_SignInPage - This is information message
[INFO ] 2023-05-15 15:47:08.995 [main] Test_SignInPage - This is information message
[ERROR] 2023-05-15 15:47:09.017 [main] Test_SignInPage - This is error message
[ERROR] 2023-05-15 15:47:09.017 [main] Test_SignInPage - This is error message
[WARN ] 2023-05-15 15:47:09.017 [main] Test_SignInPage - This is warning message
[WARN ] 2023-05-15 15:47:09.017 [main] Test_SignInPage - This is warning message
[FATAL] 2023-05-15 15:47:09.018 [main] Test_SignInPage - This is fatal message
[FATAL] 2023-05-15 15:47:09.018 [main] Test_SignInPage - This is fatal message
[INFO ] 2023-05-15 15:47:10.298 [main] Logger - SignIn button: [[ChromeDriver: chrome on WINDOWS (d6f8cedfa7940bedfbbbaed4b56e3a78)] -> xpath: //*[@id="site-header"]/div[2]/div[2]/div[3]/div/a/span]
[INFO ] 2023-05-15 15:47:10.298 [main] Logger - SignIn Button is displayed 
[INFO ] 2023-05-15 15:47:15.213 [main] Logger - PromoCode Text is : [[ChromeDriver: chrome on WINDOWS (d6f8cedfa7940bedfbbbaed4b56e3a78)] -> id: j_username]
[INFO ] 2023-05-15 15:47:15.213 [main] Logger - SignIn Button is displayed 
[INFO ] 2023-05-15 15:47:25.361 [main] Logger - MyAccount signout button:saurabh
[INFO ] 2023-05-15 15:47:27.185 [main] Logger - The completeCollection ViewAll section at Product Display Page isLogout
[INFO ] 2023-05-15 15:47:46.399 [main] Test_ContactLensesCategory - This is information message
[INFO ] 2023-05-15 15:47:46.399 [main] Test_ContactLensesCategory - This is information message
[ERROR] 2023-05-15 15:47:46.399 [main] Test_ContactLensesCategory - This is error message
[ERROR] 2023-05-15 15:47:46.399 [main] Test_ContactLensesCategory - This is error message
[WARN ] 2023-05-15 15:47:46.400 [main] Test_ContactLensesCategory - This is warning message
[WARN ] 2023-05-15 15:47:46.400 [main] Test_ContactLensesCategory - This is warning message
[FATAL] 2023-05-15 15:47:46.400 [main] Test_ContactLensesCategory - This is fatal message
[FATAL] 2023-05-15 15:47:46.400 [main] Test_ContactLensesCategory - This is fatal message
[INFO ] 2023-05-15 15:47:47.538 [main] Logger - Contact lenses button: [[ChromeDriver: chrome on WINDOWS (efd7ab8ead04d746e8e6c46fc1d0b248)] -> xpath: //*[@id="main-menu"]/div[2]/ul/li[3]/a]
[INFO ] 2023-05-15 15:47:47.540 [main] Logger - Contact lenses category is displayed in mega menu 
[INFO ] 2023-05-15 15:47:54.329 [main] Logger - Color subcategory button: [[ChromeDriver: chrome on WINDOWS (efd7ab8ead04d746e8e6c46fc1d0b248)] -> xpath: //*[@id="main-slider"]/div/div/div[2]/div[3]/a[2]]
[INFO ] 2023-05-15 15:47:54.330 [main] Logger - Color subcategory is displayed 
[INFO ] 2023-05-15 15:48:00.833 [main] Logger - Color subcategory button: [[ChromeDriver: chrome on WINDOWS (efd7ab8ead04d746e8e6c46fc1d0b248)] -> xpath: //body/div[@id='wrapper']/main[@id='site-main']/div[1]/div[2]/div[1]/div[5]/div[3]/div[2]/div[1]/div[1]/div[1]/a[1]/div[3]/span[1]]
[INFO ] 2023-05-15 15:48:00.833 [main] Logger - Color subcategory is displayed 
[INFO ] 2023-05-15 15:48:17.456 [main] Logger - PDP Fav icon is available at Product Display Page:
[INFO ] 2023-05-15 15:48:17.623 [main] Logger - PDP Highlights:Monthly
Hydrogel
UV
1
Lens/Box
[ERROR] 2023-05-15 15:48:17.678 [main] Logger - Unable to Fetch Tabby message Proxy element for: DefaultElementLocator 'By.xpath: //*[@id="product-detail"]/div[1]/div[1]/div[2]/div[6]/div/div/div//div/div/span/span[1]'
[INFO ] 2023-05-15 15:56:35.729 [main] Test_ContactLensesCategory - This is information message
[INFO ] 2023-05-15 15:56:35.729 [main] Test_ContactLensesCategory - This is information message
[ERROR] 2023-05-15 15:56:35.733 [main] Test_ContactLensesCategory - This is error message
[ERROR] 2023-05-15 15:56:35.733 [main] Test_ContactLensesCategory - This is error message
[WARN ] 2023-05-15 15:56:35.734 [main] Test_ContactLensesCategory - This is warning message
[WARN ] 2023-05-15 15:56:35.734 [main] Test_ContactLensesCategory - This is warning message
[FATAL] 2023-05-15 15:56:35.734 [main] Test_ContactLensesCategory - This is fatal message
[FATAL] 2023-05-15 15:56:35.734 [main] Test_ContactLensesCategory - This is fatal message
[INFO ] 2023-05-15 15:56:36.971 [main] Logger - Contact lenses button: [[ChromeDriver: chrome on WINDOWS (f0fcc6095b58d381866365e9b07dce6c)] -> xpath: //*[@id="main-menu"]/div[2]/ul/li[3]/a]
[INFO ] 2023-05-15 15:56:36.971 [main] Logger - Contact lenses category is displayed in mega menu 
[INFO ] 2023-05-15 15:56:44.508 [main] Logger - Color subcategory button: [[ChromeDriver: chrome on WINDOWS (f0fcc6095b58d381866365e9b07dce6c)] -> xpath: //*[@id="main-slider"]/div/div/div[2]/div[3]/a[2]]
[INFO ] 2023-05-15 15:56:44.509 [main] Logger - Color subcategory is displayed 
[INFO ] 2023-05-15 15:56:48.170 [main] Logger - Color subcategory button: [[ChromeDriver: chrome on WINDOWS (f0fcc6095b58d381866365e9b07dce6c)] -> xpath: //body/div[@id='wrapper']/main[@id='site-main']/div[1]/div[2]/div[1]/div[5]/div[3]/div[2]/div[1]/div[1]/div[1]/a[1]/div[3]/span[1]]
[INFO ] 2023-05-15 15:56:48.170 [main] Logger - Color subcategory is displayed 
[INFO ] 2023-05-15 15:56:52.146 [main] Logger - PDP Fav icon is available at Product Display Page:
[INFO ] 2023-05-15 15:56:52.283 [main] Logger - PDP Highlights:Monthly
Hydrogel
UV
1
Lens/Box
[ERROR] 2023-05-15 15:56:52.317 [main] Logger - Unable to Fetch Tabby message Proxy element for: DefaultElementLocator 'By.xpath: //*[@id="product-detail"]/div[1]/div[1]/div[2]/div[6]/div/div/div//div/div/span/span[1]'
[INFO ] 2023-05-15 15:58:58.307 [main] Test_ContactLensesCategory - This is information message
[INFO ] 2023-05-15 15:58:58.307 [main] Test_ContactLensesCategory - This is information message
[ERROR] 2023-05-15 15:58:58.317 [main] Test_ContactLensesCategory - This is error message
[ERROR] 2023-05-15 15:58:58.317 [main] Test_ContactLensesCategory - This is error message
[WARN ] 2023-05-15 15:58:58.317 [main] Test_ContactLensesCategory - This is warning message
[WARN ] 2023-05-15 15:58:58.317 [main] Test_ContactLensesCategory - This is warning message
[FATAL] 2023-05-15 15:58:58.317 [main] Test_ContactLensesCategory - This is fatal message
[FATAL] 2023-05-15 15:58:58.317 [main] Test_ContactLensesCategory - This is fatal message
[INFO ] 2023-05-15 15:58:59.541 [main] Logger - Contact lenses button: [[ChromeDriver: chrome on WINDOWS (25066c33e610401eba1d9326dd68bf2c)] -> xpath: //*[@id="main-menu"]/div[2]/ul/li[3]/a]
[INFO ] 2023-05-15 15:58:59.543 [main] Logger - Contact lenses category is displayed in mega menu 
[INFO ] 2023-05-15 15:59:03.507 [main] Logger - Color subcategory button: [[ChromeDriver: chrome on WINDOWS (25066c33e610401eba1d9326dd68bf2c)] -> xpath: //*[@id="main-slider"]/div/div/div[2]/div[3]/a[2]]
[INFO ] 2023-05-15 15:59:03.507 [main] Logger - Color subcategory is displayed 
[INFO ] 2023-05-15 15:59:06.471 [main] Logger - Color subcategory button: [[ChromeDriver: chrome on WINDOWS (25066c33e610401eba1d9326dd68bf2c)] -> xpath: //body/div[@id='wrapper']/main[@id='site-main']/div[1]/div[2]/div[1]/div[5]/div[3]/div[2]/div[1]/div[1]/div[1]/a[1]/div[3]/span[1]]
[INFO ] 2023-05-15 15:59:06.471 [main] Logger - Color subcategory is displayed 
[INFO ] 2023-05-15 15:59:08.797 [main] Logger - PDP Fav icon is available at Product Display Page:
[ERROR] 2023-05-15 15:59:13.216 [main] Logger - The PDPHighlights at Product Display Page Object ID might have changed
[INFO ] 2023-05-15 16:12:31.126 [main] Test_ContactLensesCategory - This is information message
[INFO ] 2023-05-15 16:12:31.126 [main] Test_ContactLensesCategory - This is information message
[ERROR] 2023-05-15 16:12:31.133 [main] Test_ContactLensesCategory - This is error message
[ERROR] 2023-05-15 16:12:31.133 [main] Test_ContactLensesCategory - This is error message
[WARN ] 2023-05-15 16:12:31.133 [main] Test_ContactLensesCategory - This is warning message
[WARN ] 2023-05-15 16:12:31.133 [main] Test_ContactLensesCategory - This is warning message
[FATAL] 2023-05-15 16:12:31.133 [main] Test_ContactLensesCategory - This is fatal message
[FATAL] 2023-05-15 16:12:31.133 [main] Test_ContactLensesCategory - This is fatal message
[INFO ] 2023-05-15 16:12:32.382 [main] Logger - Contact lenses button: [[ChromeDriver: chrome on WINDOWS (29a023e28a62c3d531646ba47855aa73)] -> xpath: //*[@id="main-menu"]/div[2]/ul/li[3]/a]
[INFO ] 2023-05-15 16:12:32.382 [main] Logger - Contact lenses category is displayed in mega menu 
[INFO ] 2023-05-15 16:12:36.573 [main] Logger - Color subcategory button: [[ChromeDriver: chrome on WINDOWS (29a023e28a62c3d531646ba47855aa73)] -> xpath: //*[@id="main-slider"]/div/div/div[2]/div[3]/a[2]]
[INFO ] 2023-05-15 16:12:36.574 [main] Logger - Color subcategory is displayed 
[INFO ] 2023-05-15 16:12:39.522 [main] Logger - Color subcategory button: [[ChromeDriver: chrome on WINDOWS (29a023e28a62c3d531646ba47855aa73)] -> xpath: //body/div[@id='wrapper']/main[@id='site-main']/div[1]/div[2]/div[1]/div[5]/div[3]/div[2]/div[1]/div[1]/div[1]/a[1]/div[3]/span[1]]
[INFO ] 2023-05-15 16:12:39.522 [main] Logger - Color subcategory is displayed 
[ERROR] 2023-05-15 16:12:43.038 [main] Logger - Unable to Fetch Favicon from PDP
[INFO ] 2023-05-15 16:16:43.225 [main] Test_ContactLensesCategory - This is information message
[INFO ] 2023-05-15 16:16:43.225 [main] Test_ContactLensesCategory - This is information message
[ERROR] 2023-05-15 16:16:43.233 [main] Test_ContactLensesCategory - This is error message
[ERROR] 2023-05-15 16:16:43.233 [main] Test_ContactLensesCategory - This is error message
[WARN ] 2023-05-15 16:16:43.233 [main] Test_ContactLensesCategory - This is warning message
[WARN ] 2023-05-15 16:16:43.233 [main] Test_ContactLensesCategory - This is warning message
[FATAL] 2023-05-15 16:16:43.233 [main] Test_ContactLensesCategory - This is fatal message
[FATAL] 2023-05-15 16:16:43.233 [main] Test_ContactLensesCategory - This is fatal message
[INFO ] 2023-05-15 16:16:44.539 [main] Logger - Contact lenses button: [[ChromeDriver: chrome on WINDOWS (eab455b452bb8c1d2e14e7632c4d56d4)] -> xpath: //*[@id="main-menu"]/div[2]/ul/li[3]/a]
[INFO ] 2023-05-15 16:16:44.539 [main] Logger - Contact lenses category is displayed in mega menu 
[INFO ] 2023-05-15 16:16:50.021 [main] Logger - Color subcategory button: [[ChromeDriver: chrome on WINDOWS (eab455b452bb8c1d2e14e7632c4d56d4)] -> xpath: //*[@id="main-slider"]/div/div/div[2]/div[3]/a[2]]
[INFO ] 2023-05-15 16:16:50.021 [main] Logger - Color subcategory is displayed 
[INFO ] 2023-05-15 16:17:10.449 [main] Test_ContactLensesCategory - This is information message
[INFO ] 2023-05-15 16:17:10.449 [main] Test_ContactLensesCategory - This is information message
[ERROR] 2023-05-15 16:17:10.453 [main] Test_ContactLensesCategory - This is error message
[ERROR] 2023-05-15 16:17:10.453 [main] Test_ContactLensesCategory - This is error message
[WARN ] 2023-05-15 16:17:10.453 [main] Test_ContactLensesCategory - This is warning message
[WARN ] 2023-05-15 16:17:10.453 [main] Test_ContactLensesCategory - This is warning message
[FATAL] 2023-05-15 16:17:10.453 [main] Test_ContactLensesCategory - This is fatal message
[FATAL] 2023-05-15 16:17:10.453 [main] Test_ContactLensesCategory - This is fatal message
[INFO ] 2023-05-15 16:17:11.604 [main] Logger - Contact lenses button: [[ChromeDriver: chrome on WINDOWS (d019130604b5ed803a07709da3ff0f0a)] -> xpath: //*[@id="main-menu"]/div[2]/ul/li[3]/a]
[INFO ] 2023-05-15 16:17:11.604 [main] Logger - Contact lenses category is displayed in mega menu 
[INFO ] 2023-05-15 16:17:15.369 [main] Logger - Color subcategory button: [[ChromeDriver: chrome on WINDOWS (d019130604b5ed803a07709da3ff0f0a)] -> xpath: //*[@id="main-slider"]/div/div/div[2]/div[3]/a[2]]
[INFO ] 2023-05-15 16:17:15.370 [main] Logger - Color subcategory is displayed 
[INFO ] 2023-05-15 16:17:18.605 [main] Logger - Color subcategory button: [[ChromeDriver: chrome on WINDOWS (d019130604b5ed803a07709da3ff0f0a)] -> xpath: //body/div[@id='wrapper']/main[@id='site-main']/div[1]/div[2]/div[1]/div[5]/div[3]/div[2]/div[1]/div[1]/div[1]/a[1]/div[3]/span[1]]
[INFO ] 2023-05-15 16:17:18.605 [main] Logger - Color subcategory is displayed 
[INFO ] 2023-05-15 16:17:23.533 [main] Logger - PDP Highlights:Color: Blue
[ERROR] 2023-05-15 16:17:23.580 [main] Logger - Unable to Fetch Tabby message Proxy element for: DefaultElementLocator 'By.xpath: //*[@id="product-detail"]/div[1]/div[1]/div[2]/div[6]/div/div/div//div/div/span/span[1]'
[INFO ] 2023-05-15 16:39:14.102 [main] Test_ContactLensesCategory - This is information message
[INFO ] 2023-05-15 16:39:14.102 [main] Test_ContactLensesCategory - This is information message
[ERROR] 2023-05-15 16:39:14.107 [main] Test_ContactLensesCategory - This is error message
[ERROR] 2023-05-15 16:39:14.107 [main] Test_ContactLensesCategory - This is error message
[WARN ] 2023-05-15 16:39:14.107 [main] Test_ContactLensesCategory - This is warning message
[WARN ] 2023-05-15 16:39:14.107 [main] Test_ContactLensesCategory - This is warning message
[FATAL] 2023-05-15 16:39:14.107 [main] Test_ContactLensesCategory - This is fatal message
[FATAL] 2023-05-15 16:39:14.107 [main] Test_ContactLensesCategory - This is fatal message
[INFO ] 2023-05-15 16:39:15.235 [main] Logger - Contact lenses button: [[ChromeDriver: chrome on WINDOWS (a1872a15e0f60dd11ad69d086dfd3b6b)] -> xpath: //*[@id="main-menu"]/div[2]/ul/li[3]/a]
[INFO ] 2023-05-15 16:39:15.235 [main] Logger - Contact lenses category is displayed in mega menu 
[INFO ] 2023-05-15 16:39:18.653 [main] Logger - Color subcategory button: [[ChromeDriver: chrome on WINDOWS (a1872a15e0f60dd11ad69d086dfd3b6b)] -> xpath: //*[@id="main-slider"]/div/div/div[2]/div[3]/a[2]]
[INFO ] 2023-05-15 16:39:18.653 [main] Logger - Color subcategory is displayed 
[INFO ] 2023-05-15 16:39:21.461 [main] Logger - Color subcategory button: [[ChromeDriver: chrome on WINDOWS (a1872a15e0f60dd11ad69d086dfd3b6b)] -> xpath: //body/div[@id='wrapper']/main[@id='site-main']/div[1]/div[2]/div[1]/div[5]/div[3]/div[2]/div[1]/div[1]/div[1]/a[1]/div[3]/span[1]]
[INFO ] 2023-05-15 16:39:21.461 [main] Logger - Color subcategory is displayed 
[INFO ] 2023-05-15 16:39:25.096 [main] Logger - PDP Highlights:Color: Blue
[ERROR] 2023-05-15 16:39:25.183 [main] Logger - Unable to Fetch Tabby message Proxy element for: DefaultElementLocator 'By.xpath: //*[@id="product-detail"]/div[1]/div[1]/div[2]/div[6]/div/div/div//div/div/span/span[2]/span'
[INFO ] 2023-05-15 16:41:14.209 [main] Test_ContactLensesCategory - This is information message
[INFO ] 2023-05-15 16:41:14.209 [main] Test_ContactLensesCategory - This is information message
[ERROR] 2023-05-15 16:41:14.213 [main] Test_ContactLensesCategory - This is error message
[ERROR] 2023-05-15 16:41:14.213 [main] Test_ContactLensesCategory - This is error message
[WARN ] 2023-05-15 16:41:14.213 [main] Test_ContactLensesCategory - This is warning message
[WARN ] 2023-05-15 16:41:14.213 [main] Test_ContactLensesCategory - This is warning message
[FATAL] 2023-05-15 16:41:14.213 [main] Test_ContactLensesCategory - This is fatal message
[FATAL] 2023-05-15 16:41:14.213 [main] Test_ContactLensesCategory - This is fatal message
[INFO ] 2023-05-15 16:41:15.435 [main] Logger - Contact lenses button: [[ChromeDriver: chrome on WINDOWS (355b4a0a8877f029912e51dd75b2180b)] -> xpath: //*[@id="main-menu"]/div[2]/ul/li[3]/a]
[INFO ] 2023-05-15 16:41:15.435 [main] Logger - Contact lenses category is displayed in mega menu 
[INFO ] 2023-05-15 16:41:18.811 [main] Logger - Color subcategory button: [[ChromeDriver: chrome on WINDOWS (355b4a0a8877f029912e51dd75b2180b)] -> xpath: //*[@id="main-slider"]/div/div/div[2]/div[3]/a[2]]
[INFO ] 2023-05-15 16:41:18.811 [main] Logger - Color subcategory is displayed 
[INFO ] 2023-05-15 16:41:21.703 [main] Logger - Color subcategory button: [[ChromeDriver: chrome on WINDOWS (355b4a0a8877f029912e51dd75b2180b)] -> xpath: //body/div[@id='wrapper']/main[@id='site-main']/div[1]/div[2]/div[1]/div[5]/div[3]/div[2]/div[1]/div[1]/div[1]/a[1]/div[3]/span[1]]
[INFO ] 2023-05-15 16:41:21.703 [main] Logger - Color subcategory is displayed 
[INFO ] 2023-05-15 16:41:25.455 [main] Logger - PDP Highlights:Monthly
Hydrogel
UV
1
Lens/Box
[ERROR] 2023-05-15 16:41:25.501 [main] Logger - Unable to Fetch Tabby message Proxy element for: DefaultElementLocator 'By.xpath: //*[@id="product-detail"]/div[1]/div[1]/div[2]/div[6]/div/div/div//div'
[INFO ] 2023-05-15 16:43:11.529 [main] Test_ContactLensesCategory - This is information message
[INFO ] 2023-05-15 16:43:11.529 [main] Test_ContactLensesCategory - This is information message
[ERROR] 2023-05-15 16:43:11.540 [main] Test_ContactLensesCategory - This is error message
[ERROR] 2023-05-15 16:43:11.540 [main] Test_ContactLensesCategory - This is error message
[WARN ] 2023-05-15 16:43:11.541 [main] Test_ContactLensesCategory - This is warning message
[WARN ] 2023-05-15 16:43:11.541 [main] Test_ContactLensesCategory - This is warning message
[FATAL] 2023-05-15 16:43:11.541 [main] Test_ContactLensesCategory - This is fatal message
[FATAL] 2023-05-15 16:43:11.541 [main] Test_ContactLensesCategory - This is fatal message
[INFO ] 2023-05-15 16:43:12.784 [main] Logger - Contact lenses button: [[ChromeDriver: chrome on WINDOWS (d1c3a9b5080f2b2be7f11885e28b1c33)] -> xpath: //*[@id="main-menu"]/div[2]/ul/li[3]/a]
[INFO ] 2023-05-15 16:43:12.784 [main] Logger - Contact lenses category is displayed in mega menu 
[INFO ] 2023-05-15 16:43:16.111 [main] Logger - Color subcategory button: [[ChromeDriver: chrome on WINDOWS (d1c3a9b5080f2b2be7f11885e28b1c33)] -> xpath: //*[@id="main-slider"]/div/div/div[2]/div[3]/a[2]]
[INFO ] 2023-05-15 16:43:16.111 [main] Logger - Color subcategory is displayed 
[INFO ] 2023-05-15 16:43:18.991 [main] Logger - Color subcategory button: [[ChromeDriver: chrome on WINDOWS (d1c3a9b5080f2b2be7f11885e28b1c33)] -> xpath: //body/div[@id='wrapper']/main[@id='site-main']/div[1]/div[2]/div[1]/div[5]/div[3]/div[2]/div[1]/div[1]/div[1]/a[1]/div[3]/span[1]]
[INFO ] 2023-05-15 16:43:18.991 [main] Logger - Color subcategory is displayed 
[INFO ] 2023-05-15 16:43:22.746 [main] Logger - PDP Highlights:Monthly
Hydrogel
UV
1
Lens/Box
[ERROR] 2023-05-15 16:43:24.295 [main] Logger - Unable to Fetch Tabby message Proxy element for: DefaultElementLocator 'By.xpath: //*[@id="product-detail"]/div[1]/div[1]/div[2]/div[6]/div/div/div//div'
[INFO ] 2023-05-15 16:47:02.567 [main] Test_ContactLensesCategory - This is information message
[INFO ] 2023-05-15 16:47:02.567 [main] Test_ContactLensesCategory - This is information message
[ERROR] 2023-05-15 16:47:02.574 [main] Test_ContactLensesCategory - This is error message
[ERROR] 2023-05-15 16:47:02.574 [main] Test_ContactLensesCategory - This is error message
[WARN ] 2023-05-15 16:47:02.574 [main] Test_ContactLensesCategory - This is warning message
[WARN ] 2023-05-15 16:47:02.574 [main] Test_ContactLensesCategory - This is warning message
[FATAL] 2023-05-15 16:47:02.574 [main] Test_ContactLensesCategory - This is fatal message
[FATAL] 2023-05-15 16:47:02.574 [main] Test_ContactLensesCategory - This is fatal message
[INFO ] 2023-05-15 16:47:03.800 [main] Logger - Contact lenses button: [[ChromeDriver: chrome on WINDOWS (147ec3e4bdbc2345fc51eb4c8a3ad008)] -> xpath: //*[@id="main-menu"]/div[2]/ul/li[3]/a]
[INFO ] 2023-05-15 16:47:03.800 [main] Logger - Contact lenses category is displayed in mega menu 
[INFO ] 2023-05-15 16:47:06.789 [main] Logger - Color subcategory button: [[ChromeDriver: chrome on WINDOWS (147ec3e4bdbc2345fc51eb4c8a3ad008)] -> xpath: //*[@id="main-slider"]/div/div/div[2]/div[3]/a[2]]
[INFO ] 2023-05-15 16:47:06.789 [main] Logger - Color subcategory is displayed 
[INFO ] 2023-05-15 16:47:09.561 [main] Logger - Color subcategory button: [[ChromeDriver: chrome on WINDOWS (147ec3e4bdbc2345fc51eb4c8a3ad008)] -> xpath: //body/div[@id='wrapper']/main[@id='site-main']/div[1]/div[2]/div[1]/div[5]/div[3]/div[2]/div[1]/div[1]/div[1]/a[1]/div[3]/span[1]]
[INFO ] 2023-05-15 16:47:09.561 [main] Logger - Color subcategory is displayed 
[INFO ] 2023-05-15 16:47:13.227 [main] Logger - PDP Highlights:Color: Blue
[ERROR] 2023-05-15 16:47:14.779 [main] Logger - Unable to Fetch Tabby message Proxy element for: DefaultElementLocator 'By.xpath: 	//*[@id="product-detail"]/div[1]/div[1]/div[2]/div[6]/div/div'
[INFO ] 2023-05-15 16:52:55.494 [main] Test_ContactLensesCategory - This is information message
[INFO ] 2023-05-15 16:52:55.494 [main] Test_ContactLensesCategory - This is information message
[ERROR] 2023-05-15 16:52:55.498 [main] Test_ContactLensesCategory - This is error message
[ERROR] 2023-05-15 16:52:55.498 [main] Test_ContactLensesCategory - This is error message
[WARN ] 2023-05-15 16:52:55.498 [main] Test_ContactLensesCategory - This is warning message
[WARN ] 2023-05-15 16:52:55.498 [main] Test_ContactLensesCategory - This is warning message
[FATAL] 2023-05-15 16:52:55.498 [main] Test_ContactLensesCategory - This is fatal message
[FATAL] 2023-05-15 16:52:55.498 [main] Test_ContactLensesCategory - This is fatal message
[INFO ] 2023-05-15 16:52:56.707 [main] Logger - Contact lenses button: [[ChromeDriver: chrome on WINDOWS (e492bb8e16c310d39726214baaf45144)] -> xpath: //*[@id="main-menu"]/div[2]/ul/li[3]/a]
[INFO ] 2023-05-15 16:52:56.708 [main] Logger - Contact lenses category is displayed in mega menu 
[INFO ] 2023-05-15 16:52:59.341 [main] Logger - Color subcategory button: [[ChromeDriver: chrome on WINDOWS (e492bb8e16c310d39726214baaf45144)] -> xpath: //*[@id="main-slider"]/div/div/div[2]/div[3]/a[2]]
[INFO ] 2023-05-15 16:52:59.341 [main] Logger - Color subcategory is displayed 
[INFO ] 2023-05-15 16:53:02.092 [main] Logger - Color subcategory button: [[ChromeDriver: chrome on WINDOWS (e492bb8e16c310d39726214baaf45144)] -> xpath: //body/div[@id='wrapper']/main[@id='site-main']/div[1]/div[2]/div[1]/div[5]/div[3]/div[2]/div[1]/div[1]/div[1]/a[1]/div[3]/span[1]]
[INFO ] 2023-05-15 16:53:02.092 [main] Logger - Color subcategory is displayed 
[INFO ] 2023-05-15 16:53:06.930 [main] Logger - PDP Highlights:Color: Blue
[ERROR] 2023-05-15 16:53:08.472 [main] Logger - Unable to Fetch Tabby message Proxy element for: DefaultElementLocator 'By.xpath: //*[@id="product-detail"]/div[1]/div[1]/div[2]/div[6]/div/div/div//div/div/span/span[2]/span'
[INFO ] 2023-05-15 16:54:12.760 [main] Test_ContactLensesCategory - This is information message
[INFO ] 2023-05-15 16:54:12.760 [main] Test_ContactLensesCategory - This is information message
[ERROR] 2023-05-15 16:54:12.765 [main] Test_ContactLensesCategory - This is error message
[ERROR] 2023-05-15 16:54:12.765 [main] Test_ContactLensesCategory - This is error message
[WARN ] 2023-05-15 16:54:12.765 [main] Test_ContactLensesCategory - This is warning message
[WARN ] 2023-05-15 16:54:12.765 [main] Test_ContactLensesCategory - This is warning message
[FATAL] 2023-05-15 16:54:12.766 [main] Test_ContactLensesCategory - This is fatal message
[FATAL] 2023-05-15 16:54:12.766 [main] Test_ContactLensesCategory - This is fatal message
[INFO ] 2023-05-15 16:54:13.997 [main] Logger - Contact lenses button: [[ChromeDriver: chrome on WINDOWS (7dcce8156567b6f4892a9ab1c2b8d5f3)] -> xpath: //*[@id="main-menu"]/div[2]/ul/li[3]/a]
[INFO ] 2023-05-15 16:54:13.997 [main] Logger - Contact lenses category is displayed in mega menu 
[INFO ] 2023-05-15 16:54:19.200 [main] Logger - Color subcategory button: [[ChromeDriver: chrome on WINDOWS (7dcce8156567b6f4892a9ab1c2b8d5f3)] -> xpath: //*[@id="main-slider"]/div/div/div[2]/div[3]/a[2]]
[INFO ] 2023-05-15 16:54:19.200 [main] Logger - Color subcategory is displayed 
[INFO ] 2023-05-15 16:54:22.449 [main] Logger - Color subcategory button: [[ChromeDriver: chrome on WINDOWS (7dcce8156567b6f4892a9ab1c2b8d5f3)] -> xpath: //body/div[@id='wrapper']/main[@id='site-main']/div[1]/div[2]/div[1]/div[5]/div[3]/div[2]/div[1]/div[1]/div[1]/a[1]/div[3]/span[1]]
[INFO ] 2023-05-15 16:54:22.450 [main] Logger - Color subcategory is displayed 
[INFO ] 2023-05-15 16:54:27.667 [main] Logger - PDP Highlights:Color: Blue
[ERROR] 2023-05-15 16:54:29.207 [main] Logger - Unable to Fetch Tabby message Proxy element for: DefaultElementLocator 'By.xpath: //*[@id="product-detail"]/div[1]/div[1]/div[2]/div[6]/div/div/div//div/div/span/span[2]/span'
[INFO ] 2023-05-15 16:55:25.747 [main] Test_ContactLensesCategory - This is information message
[INFO ] 2023-05-15 16:55:25.747 [main] Test_ContactLensesCategory - This is information message
[ERROR] 2023-05-15 16:55:25.755 [main] Test_ContactLensesCategory - This is error message
[ERROR] 2023-05-15 16:55:25.755 [main] Test_ContactLensesCategory - This is error message
[WARN ] 2023-05-15 16:55:25.755 [main] Test_ContactLensesCategory - This is warning message
[WARN ] 2023-05-15 16:55:25.755 [main] Test_ContactLensesCategory - This is warning message
[FATAL] 2023-05-15 16:55:25.755 [main] Test_ContactLensesCategory - This is fatal message
[FATAL] 2023-05-15 16:55:25.755 [main] Test_ContactLensesCategory - This is fatal message
[INFO ] 2023-05-15 16:55:26.990 [main] Logger - Contact lenses button: [[ChromeDriver: chrome on WINDOWS (b04afedc29eb6557341f68fdfe654f20)] -> xpath: //*[@id="main-menu"]/div[2]/ul/li[3]/a]
[INFO ] 2023-05-15 16:55:26.991 [main] Logger - Contact lenses category is displayed in mega menu 
[INFO ] 2023-05-15 16:55:32.421 [main] Logger - Color subcategory button: [[ChromeDriver: chrome on WINDOWS (b04afedc29eb6557341f68fdfe654f20)] -> xpath: //*[@id="main-slider"]/div/div/div[2]/div[3]/a[2]]
[INFO ] 2023-05-15 16:55:32.421 [main] Logger - Color subcategory is displayed 
[INFO ] 2023-05-15 16:55:36.261 [main] Logger - Color subcategory button: [[ChromeDriver: chrome on WINDOWS (b04afedc29eb6557341f68fdfe654f20)] -> xpath: //body/div[@id='wrapper']/main[@id='site-main']/div[1]/div[2]/div[1]/div[5]/div[3]/div[2]/div[1]/div[1]/div[1]/a[1]/div[3]/span[1]]
[INFO ] 2023-05-15 16:55:36.261 [main] Logger - Color subcategory is displayed 
[INFO ] 2023-05-15 16:55:43.867 [main] Logger - PDP Highlights:Monthly
Hydrogel
UV
1
Lens/Box
[INFO ] 2023-05-15 16:55:43.906 [main] Logger - Fetching WhatsApp message from PDP: Chat on WhatsApp
[INFO ] 2023-05-15 16:55:43.963 [main] Logger - PDP Fav icon is available at Product Display Page:
[INFO ] 2023-05-15 17:00:22.031 [main] Test_ContactLensesCategory - This is information message
[INFO ] 2023-05-15 17:00:22.031 [main] Test_ContactLensesCategory - This is information message
[ERROR] 2023-05-15 17:00:22.035 [main] Test_ContactLensesCategory - This is error message
[ERROR] 2023-05-15 17:00:22.035 [main] Test_ContactLensesCategory - This is error message
[WARN ] 2023-05-15 17:00:22.035 [main] Test_ContactLensesCategory - This is warning message
[WARN ] 2023-05-15 17:00:22.035 [main] Test_ContactLensesCategory - This is warning message
[FATAL] 2023-05-15 17:00:22.035 [main] Test_ContactLensesCategory - This is fatal message
[FATAL] 2023-05-15 17:00:22.035 [main] Test_ContactLensesCategory - This is fatal message
[INFO ] 2023-05-15 17:00:23.199 [main] Logger - Contact lenses button: [[ChromeDriver: chrome on WINDOWS (2b072d8bd277ac77c7c3ef6e1781f47b)] -> xpath: //*[@id="main-menu"]/div[2]/ul/li[3]/a]
[INFO ] 2023-05-15 17:00:23.199 [main] Logger - Contact lenses category is displayed in mega menu 
[INFO ] 2023-05-15 17:00:26.666 [main] Logger - Color subcategory button: [[ChromeDriver: chrome on WINDOWS (2b072d8bd277ac77c7c3ef6e1781f47b)] -> xpath: //*[@id="main-slider"]/div/div/div[2]/div[3]/a[2]]
[INFO ] 2023-05-15 17:00:26.666 [main] Logger - Color subcategory is displayed 
[INFO ] 2023-05-15 17:00:30.328 [main] Logger - Color subcategory button: [[ChromeDriver: chrome on WINDOWS (2b072d8bd277ac77c7c3ef6e1781f47b)] -> xpath: //body/div[@id='wrapper']/main[@id='site-main']/div[1]/div[2]/div[1]/div[5]/div[3]/div[2]/div[1]/div[1]/div[1]/a[1]/div[3]/span[1]]
[INFO ] 2023-05-15 17:00:30.328 [main] Logger - Color subcategory is displayed 
[INFO ] 2023-05-15 17:00:34.705 [main] Logger - PDP Highlights:Monthly
Hydrogel
UV
1
Lens/Box
[INFO ] 2023-05-15 17:00:34.744 [main] Logger - Fetching WhatsApp message from PDP: Chat on WhatsApp
[INFO ] 2023-05-15 17:00:34.804 [main] Logger - PDP Fav icon is available at Product Display Page:
[INFO ] 2023-05-15 17:00:35.962 [main] Logger - SignIn button: [[ChromeDriver: chrome on WINDOWS (2b072d8bd277ac77c7c3ef6e1781f47b)] -> xpath: //*[@id="site-header"]/div[2]/div[2]/div[3]/div/a/span]
[INFO ] 2023-05-15 17:00:35.962 [main] Logger - SignIn Button is displayed 
[INFO ] 2023-05-15 17:09:32.247 [main] Test_ContactLensesCategory - This is information message
[INFO ] 2023-05-15 17:09:32.247 [main] Test_ContactLensesCategory - This is information message
[ERROR] 2023-05-15 17:09:32.250 [main] Test_ContactLensesCategory - This is error message
[ERROR] 2023-05-15 17:09:32.250 [main] Test_ContactLensesCategory - This is error message
[WARN ] 2023-05-15 17:09:32.251 [main] Test_ContactLensesCategory - This is warning message
[WARN ] 2023-05-15 17:09:32.251 [main] Test_ContactLensesCategory - This is warning message
[FATAL] 2023-05-15 17:09:32.251 [main] Test_ContactLensesCategory - This is fatal message
[FATAL] 2023-05-15 17:09:32.251 [main] Test_ContactLensesCategory - This is fatal message
[INFO ] 2023-05-15 17:09:33.398 [main] Logger - Contact lenses button: [[ChromeDriver: chrome on WINDOWS (17bfc52d866edb62329293972ed83401)] -> xpath: //*[@id="main-menu"]/div[2]/ul/li[3]/a]
[INFO ] 2023-05-15 17:09:33.398 [main] Logger - Contact lenses category is displayed in mega menu 
[INFO ] 2023-05-15 17:09:37.810 [main] Logger - Color subcategory button: [[ChromeDriver: chrome on WINDOWS (17bfc52d866edb62329293972ed83401)] -> xpath: //*[@id="main-slider"]/div/div/div[2]/div[3]/a[2]]
[INFO ] 2023-05-15 17:09:37.810 [main] Logger - Color subcategory is displayed 
[INFO ] 2023-05-15 17:09:40.843 [main] Logger - Color subcategory button: [[ChromeDriver: chrome on WINDOWS (17bfc52d866edb62329293972ed83401)] -> xpath: //body/div[@id='wrapper']/main[@id='site-main']/div[1]/div[2]/div[1]/div[5]/div[3]/div[2]/div[1]/div[1]/div[1]/a[1]/div[3]/span[1]]
[INFO ] 2023-05-15 17:09:40.843 [main] Logger - Color subcategory is displayed 
[INFO ] 2023-05-15 17:09:44.776 [main] Logger - PDP Highlights:Monthly
Hydrogel
UV
1
Lens/Box
[INFO ] 2023-05-15 17:09:44.809 [main] Logger - Fetching WhatsApp message from PDP: Chat on WhatsApp
[INFO ] 2023-05-15 17:09:44.914 [main] Logger - PDP Fav icon is available at Product Display Page:
[INFO ] 2023-05-15 17:09:48.222 [main] Logger - SignIn button: [[ChromeDriver: chrome on WINDOWS (17bfc52d866edb62329293972ed83401)] -> xpath: //*[@id="site-header"]/div[2]/div[2]/div[3]/div/a/span]
[INFO ] 2023-05-15 17:09:48.222 [main] Logger - SignIn Button is displayed 
[INFO ] 2023-05-15 17:13:13.229 [main] Test_ContactLensesCategory - This is information message
[INFO ] 2023-05-15 17:13:13.229 [main] Test_ContactLensesCategory - This is information message
[ERROR] 2023-05-15 17:13:13.234 [main] Test_ContactLensesCategory - This is error message
[ERROR] 2023-05-15 17:13:13.234 [main] Test_ContactLensesCategory - This is error message
[WARN ] 2023-05-15 17:13:13.234 [main] Test_ContactLensesCategory - This is warning message
[WARN ] 2023-05-15 17:13:13.234 [main] Test_ContactLensesCategory - This is warning message
[FATAL] 2023-05-15 17:13:13.234 [main] Test_ContactLensesCategory - This is fatal message
[FATAL] 2023-05-15 17:13:13.234 [main] Test_ContactLensesCategory - This is fatal message
[INFO ] 2023-05-15 17:13:14.487 [main] Logger - Contact lenses button: [[ChromeDriver: chrome on WINDOWS (17393bb2bd2190cceef1f467b8720b5d)] -> xpath: //*[@id="main-menu"]/div[2]/ul/li[3]/a]
[INFO ] 2023-05-15 17:13:14.487 [main] Logger - Contact lenses category is displayed in mega menu 
[INFO ] 2023-05-15 17:13:19.312 [main] Logger - Color subcategory button: [[ChromeDriver: chrome on WINDOWS (17393bb2bd2190cceef1f467b8720b5d)] -> xpath: //*[@id="main-slider"]/div/div/div[2]/div[3]/a[2]]
[INFO ] 2023-05-15 17:13:19.312 [main] Logger - Color subcategory is displayed 
[INFO ] 2023-05-15 17:14:16.268 [main] Test_ContactLensesCategory - This is information message
[INFO ] 2023-05-15 17:14:16.268 [main] Test_ContactLensesCategory - This is information message
[ERROR] 2023-05-15 17:14:16.273 [main] Test_ContactLensesCategory - This is error message
[ERROR] 2023-05-15 17:14:16.273 [main] Test_ContactLensesCategory - This is error message
[WARN ] 2023-05-15 17:14:16.274 [main] Test_ContactLensesCategory - This is warning message
[WARN ] 2023-05-15 17:14:16.274 [main] Test_ContactLensesCategory - This is warning message
[FATAL] 2023-05-15 17:14:16.274 [main] Test_ContactLensesCategory - This is fatal message
[FATAL] 2023-05-15 17:14:16.274 [main] Test_ContactLensesCategory - This is fatal message
[INFO ] 2023-05-15 17:14:17.594 [main] Logger - Contact lenses button: [[ChromeDriver: chrome on WINDOWS (407d3c35f1d37240bc56fcee1fadf509)] -> xpath: //*[@id="main-menu"]/div[2]/ul/li[3]/a]
[INFO ] 2023-05-15 17:14:17.595 [main] Logger - Contact lenses category is displayed in mega menu 
[INFO ] 2023-05-15 17:14:21.332 [main] Logger - Color subcategory button: [[ChromeDriver: chrome on WINDOWS (407d3c35f1d37240bc56fcee1fadf509)] -> xpath: //*[@id="main-slider"]/div/div/div[2]/div[3]/a[2]]
[INFO ] 2023-05-15 17:14:21.333 [main] Logger - Color subcategory is displayed 
[INFO ] 2023-05-15 17:14:24.402 [main] Logger - Color subcategory button: [[ChromeDriver: chrome on WINDOWS (407d3c35f1d37240bc56fcee1fadf509)] -> xpath: //body/div[@id='wrapper']/main[@id='site-main']/div[1]/div[2]/div[1]/div[5]/div[3]/div[2]/div[1]/div[1]/div[1]/a[1]/div[3]/span[1]]
[INFO ] 2023-05-15 17:14:24.402 [main] Logger - Color subcategory is displayed 
[INFO ] 2023-05-15 17:14:28.446 [main] Logger - PDP Highlights:Monthly
Hydrogel
UV
1
Lens/Box
[INFO ] 2023-05-15 17:14:28.477 [main] Logger - Fetching WhatsApp message from PDP: Chat on WhatsApp
[INFO ] 2023-05-15 17:14:28.522 [main] Logger - PDP Fav icon is available at Product Display Page:
[INFO ] 2023-05-15 17:14:34.879 [main] Logger - Email Text is : [[ChromeDriver: chrome on WINDOWS (407d3c35f1d37240bc56fcee1fadf509)] -> id: j_username]
[INFO ] 2023-05-15 17:14:34.879 [main] Logger - SignIn Button is displayed 
[INFO ] 2023-05-15 17:18:47.566 [main] Test_ContactLensesCategory - This is information message
[INFO ] 2023-05-15 17:18:47.566 [main] Test_ContactLensesCategory - This is information message
[ERROR] 2023-05-15 17:18:47.576 [main] Test_ContactLensesCategory - This is error message
[ERROR] 2023-05-15 17:18:47.576 [main] Test_ContactLensesCategory - This is error message
[WARN ] 2023-05-15 17:18:47.576 [main] Test_ContactLensesCategory - This is warning message
[WARN ] 2023-05-15 17:18:47.576 [main] Test_ContactLensesCategory - This is warning message
[FATAL] 2023-05-15 17:18:47.576 [main] Test_ContactLensesCategory - This is fatal message
[FATAL] 2023-05-15 17:18:47.576 [main] Test_ContactLensesCategory - This is fatal message
[INFO ] 2023-05-15 17:18:48.743 [main] Logger - Contact lenses button: [[ChromeDriver: chrome on WINDOWS (ef3cfcbf487fe628b64927d1b0b38282)] -> xpath: //*[@id="main-menu"]/div[2]/ul/li[3]/a]
[INFO ] 2023-05-15 17:18:48.744 [main] Logger - Contact lenses category is displayed in mega menu 
[INFO ] 2023-05-15 17:18:51.840 [main] Logger - Color subcategory button: [[ChromeDriver: chrome on WINDOWS (ef3cfcbf487fe628b64927d1b0b38282)] -> xpath: //*[@id="main-slider"]/div/div/div[2]/div[3]/a[2]]
[INFO ] 2023-05-15 17:18:51.840 [main] Logger - Color subcategory is displayed 
[INFO ] 2023-05-15 17:18:54.617 [main] Logger - Color subcategory button: [[ChromeDriver: chrome on WINDOWS (ef3cfcbf487fe628b64927d1b0b38282)] -> xpath: //body/div[@id='wrapper']/main[@id='site-main']/div[1]/div[2]/div[1]/div[5]/div[3]/div[2]/div[1]/div[1]/div[1]/a[1]/div[3]/span[1]]
[INFO ] 2023-05-15 17:18:54.617 [main] Logger - Color subcategory is displayed 
[INFO ] 2023-05-15 17:18:58.317 [main] Logger - PDP Highlights:Color: Blue
[ERROR] 2023-05-15 17:18:59.872 [main] Logger - Unable to Fetch Tabby message Proxy element for: DefaultElementLocator 'By.xpath: //*[@id="product-detail"]/div[1]/div[1]/div[2]/div[6]/div/div/div//div/div/span/span[1]'
[INFO ] 2023-05-15 17:21:23.500 [main] Test_ContactLensesCategory - This is information message
[INFO ] 2023-05-15 17:21:23.500 [main] Test_ContactLensesCategory - This is information message
[ERROR] 2023-05-15 17:21:23.505 [main] Test_ContactLensesCategory - This is error message
[ERROR] 2023-05-15 17:21:23.505 [main] Test_ContactLensesCategory - This is error message
[WARN ] 2023-05-15 17:21:23.505 [main] Test_ContactLensesCategory - This is warning message
[WARN ] 2023-05-15 17:21:23.505 [main] Test_ContactLensesCategory - This is warning message
[FATAL] 2023-05-15 17:21:23.505 [main] Test_ContactLensesCategory - This is fatal message
[FATAL] 2023-05-15 17:21:23.505 [main] Test_ContactLensesCategory - This is fatal message
[INFO ] 2023-05-15 17:21:24.643 [main] Logger - Contact lenses button: [[ChromeDriver: chrome on WINDOWS (37397dd5c180a8773370e21de5985639)] -> xpath: //*[@id="main-menu"]/div[2]/ul/li[3]/a]
[INFO ] 2023-05-15 17:21:24.643 [main] Logger - Contact lenses category is displayed in mega menu 
[INFO ] 2023-05-15 17:21:27.830 [main] Logger - Color subcategory button: [[ChromeDriver: chrome on WINDOWS (37397dd5c180a8773370e21de5985639)] -> xpath: //*[@id="main-slider"]/div/div/div[2]/div[3]/a[2]]
[INFO ] 2023-05-15 17:21:27.830 [main] Logger - Color subcategory is displayed 
[INFO ] 2023-05-15 17:21:30.809 [main] Logger - Color subcategory button: [[ChromeDriver: chrome on WINDOWS (37397dd5c180a8773370e21de5985639)] -> xpath: //body/div[@id='wrapper']/main[@id='site-main']/div[1]/div[2]/div[1]/div[5]/div[3]/div[2]/div[1]/div[1]/div[1]/a[1]/div[3]/span[1]]
[INFO ] 2023-05-15 17:21:30.809 [main] Logger - Color subcategory is displayed 
[INFO ] 2023-05-15 17:21:34.899 [main] Logger - PDP Highlights:Color: Blue
[ERROR] 2023-05-15 17:21:37.454 [main] Logger - Unable to Fetch Tabby message Proxy element for: DefaultElementLocator 'By.xpath: //*[@id="product-detail"]/div[1]/div[1]/div[2]/div[6]/div/div/div//div/div/span/span[1]'
[INFO ] 2023-05-15 17:25:30.235 [main] Test_ContactLensesCategory - This is information message
[INFO ] 2023-05-15 17:25:30.235 [main] Test_ContactLensesCategory - This is information message
[ERROR] 2023-05-15 17:25:30.241 [main] Test_ContactLensesCategory - This is error message
[ERROR] 2023-05-15 17:25:30.241 [main] Test_ContactLensesCategory - This is error message
[WARN ] 2023-05-15 17:25:30.241 [main] Test_ContactLensesCategory - This is warning message
[WARN ] 2023-05-15 17:25:30.241 [main] Test_ContactLensesCategory - This is warning message
[FATAL] 2023-05-15 17:25:30.241 [main] Test_ContactLensesCategory - This is fatal message
[FATAL] 2023-05-15 17:25:30.241 [main] Test_ContactLensesCategory - This is fatal message
[INFO ] 2023-05-15 17:25:31.372 [main] Logger - Contact lenses button: [[ChromeDriver: chrome on WINDOWS (12fc30df2d07006f450a07ef88858e4d)] -> xpath: //*[@id="main-menu"]/div[2]/ul/li[3]/a]
[INFO ] 2023-05-15 17:25:31.373 [main] Logger - Contact lenses category is displayed in mega menu 
[INFO ] 2023-05-15 17:25:34.656 [main] Logger - Color subcategory button: [[ChromeDriver: chrome on WINDOWS (12fc30df2d07006f450a07ef88858e4d)] -> xpath: //*[@id="main-slider"]/div/div/div[2]/div[3]/a[2]]
[INFO ] 2023-05-15 17:25:34.657 [main] Logger - Color subcategory is displayed 
[INFO ] 2023-05-15 17:25:37.417 [main] Logger - Color subcategory button: [[ChromeDriver: chrome on WINDOWS (12fc30df2d07006f450a07ef88858e4d)] -> xpath: //body/div[@id='wrapper']/main[@id='site-main']/div[1]/div[2]/div[1]/div[5]/div[3]/div[2]/div[1]/div[1]/div[1]/a[1]/div[3]/span[1]]
[INFO ] 2023-05-15 17:25:37.417 [main] Logger - Color subcategory is displayed 
[INFO ] 2023-05-15 17:25:41.392 [main] Logger - PDP Highlights:Color: Blue
[ERROR] 2023-05-15 17:25:43.946 [main] Logger - Unable to Fetch Tabby message Proxy element for: DefaultElementLocator 'By.xpath: //*[@id="product-detail"]/div[1]/div[1]/div[2]/div[6]/div'
[INFO ] 2023-08-22 10:40:23.785 [main] Test_ContactLensesCategory - This is information message
[ERROR] 2023-08-22 10:40:23.792 [main] Test_ContactLensesCategory - This is error message
[WARN ] 2023-08-22 10:40:23.793 [main] Test_ContactLensesCategory - This is warning message
[FATAL] 2023-08-22 10:40:23.793 [main] Test_ContactLensesCategory - This is fatal message
[INFO ] 2023-08-22 10:40:46.329 [main] Test_ContactLensesCategory - This is information message
[ERROR] 2023-08-22 10:40:46.336 [main] Test_ContactLensesCategory - This is error message
[WARN ] 2023-08-22 10:40:46.337 [main] Test_ContactLensesCategory - This is warning message
[FATAL] 2023-08-22 10:40:46.337 [main] Test_ContactLensesCategory - This is fatal message
