[DEBUG] 2022-11-15 00:14:50.141 [main] InternalLoggerFactory - Using Log4J2 as the default logging framework
[DEBUG] 2022-11-15 00:14:50.153 [main] ResourceLeakDetector - -Dio.netty.leakDetection.level: simple
[DEBUG] 2022-11-15 00:14:50.153 [main] ResourceLeakDetector - -Dio.netty.leakDetection.targetRecords: 4
[DEBUG] 2022-11-15 00:14:50.156 [main] ResourceLeakDetectorFactory - Loaded default ResourceLeakDetector: io.netty.util.ResourceLeakDetector@2b2f5fcf
[DEBUG] 2022-11-15 00:14:50.169 [main] PlatformDependent0 - -Dio.netty.noUnsafe: false
[DEBUG] 2022-11-15 00:14:50.170 [main] PlatformDependent0 - Java version: 18
[DEBUG] 2022-11-15 00:14:50.171 [main] PlatformDependent0 - sun.misc.Unsafe.theUnsafe: available
[DEBUG] 2022-11-15 00:14:50.171 [main] PlatformDependent0 - sun.misc.Unsafe.copyMemory: available
[DEBUG] 2022-11-15 00:14:50.173 [main] PlatformDependent0 - sun.misc.Unsafe.storeFence: available
[DEBUG] 2022-11-15 00:14:50.173 [main] PlatformDependent0 - java.nio.Buffer.address: available
[DEBUG] 2022-11-15 00:14:50.173 [main] PlatformDependent0 - direct buffer constructor: unavailable
java.lang.UnsupportedOperationException: Reflective setAccessible(true) disabled
	at io.netty.util.internal.ReflectionUtil.trySetAccessible(ReflectionUtil.java:31) ~[netty-common-4.1.78.Final.jar:4.1.78.Final]
	at io.netty.util.internal.PlatformDependent0$5.run(PlatformDependent0.java:287) ~[netty-common-4.1.78.Final.jar:4.1.78.Final]
	at java.security.AccessController.doPrivileged(AccessController.java:318) ~[?:?]
	at io.netty.util.internal.PlatformDependent0.<clinit>(PlatformDependent0.java:281) ~[netty-common-4.1.78.Final.jar:4.1.78.Final]
	at io.netty.util.internal.PlatformDependent.isAndroid(PlatformDependent.java:294) ~[netty-common-4.1.78.Final.jar:4.1.78.Final]
	at io.netty.util.internal.PlatformDependent.<clinit>(PlatformDependent.java:88) ~[netty-common-4.1.78.Final.jar:4.1.78.Final]
	at io.netty.util.HashedWheelTimer.<init>(HashedWheelTimer.java:114) ~[netty-common-4.1.78.Final.jar:4.1.78.Final]
	at io.netty.util.HashedWheelTimer.<init>(HashedWheelTimer.java:251) ~[netty-common-4.1.78.Final.jar:4.1.78.Final]
	at io.netty.util.HashedWheelTimer.<init>(HashedWheelTimer.java:224) ~[netty-common-4.1.78.Final.jar:4.1.78.Final]
	at io.netty.util.HashedWheelTimer.<init>(HashedWheelTimer.java:203) ~[netty-common-4.1.78.Final.jar:4.1.78.Final]
	at org.asynchttpclient.DefaultAsyncHttpClient.newNettyTimer(DefaultAsyncHttpClient.java:111) ~[async-http-client-2.12.3.jar:?]
	at org.asynchttpclient.DefaultAsyncHttpClient.<init>(DefaultAsyncHttpClient.java:90) ~[async-http-client-2.12.3.jar:?]
	at org.asynchttpclient.Dsl.asyncHttpClient(Dsl.java:32) ~[async-http-client-2.12.3.jar:?]
	at org.openqa.selenium.remote.http.netty.NettyClient.createHttpClient(NettyClient.java:93) ~[selenium-remote-driver-4.4.0.jar:?]
	at org.openqa.selenium.remote.http.netty.NettyClient.<clinit>(NettyClient.java:47) ~[selenium-remote-driver-4.4.0.jar:?]
	at org.openqa.selenium.remote.http.netty.NettyClient$Factory.createClient(NettyClient.java:134) ~[selenium-remote-driver-4.4.0.jar:?]
	at org.openqa.selenium.remote.HttpCommandExecutor.<init>(HttpCommandExecutor.java:107) ~[selenium-remote-driver-4.4.0.jar:?]
	at org.openqa.selenium.remote.HttpCommandExecutor.<init>(HttpCommandExecutor.java:94) ~[selenium-remote-driver-4.4.0.jar:?]
	at org.openqa.selenium.remote.HttpCommandExecutor.<init>(HttpCommandExecutor.java:85) ~[selenium-remote-driver-4.4.0.jar:?]
	at org.openqa.selenium.remote.service.DriverCommandExecutor.<init>(DriverCommandExecutor.java:80) ~[selenium-remote-driver-4.4.0.jar:?]
	at org.openqa.selenium.chromium.ChromiumDriverCommandExecutor.<init>(ChromiumDriverCommandExecutor.java:35) ~[selenium-chromium-driver-4.4.0.jar:?]
	at org.openqa.selenium.chrome.ChromeDriver$ChromeDriverCommandExecutor.<init>(ChromeDriver.java:93) ~[selenium-chrome-driver-4.4.0.jar:?]
	at org.openqa.selenium.chrome.ChromeDriver.<init>(ChromeDriver.java:81) ~[selenium-chrome-driver-4.4.0.jar:?]
	at org.openqa.selenium.chrome.ChromeDriver.<init>(ChromeDriver.java:49) ~[selenium-chrome-driver-4.4.0.jar:?]
	at com.magrabi.WEB.Tests.Test_SignInPage.beforeTestt(Test_SignInPage.java:66) ~[test-classes/:?]
	at jdk.internal.reflect.DirectMethodHandleAccessor.invoke(DirectMethodHandleAccessor.java:104) ~[?:?]
	at java.lang.reflect.Method.invoke(Method.java:577) ~[?:?]
	at org.testng.internal.MethodInvocationHelper.invokeMethod(MethodInvocationHelper.java:85) ~[testng-6.9.8.jar:?]
	at org.testng.internal.Invoker.invokeConfigurationMethod(Invoker.java:510) ~[testng-6.9.8.jar:?]
	at org.testng.internal.Invoker.invokeConfigurations(Invoker.java:211) ~[testng-6.9.8.jar:?]
	at org.testng.internal.Invoker.invokeMethod(Invoker.java:585) ~[testng-6.9.8.jar:?]
	at org.testng.internal.Invoker.invokeTestMethod(Invoker.java:816) ~[testng-6.9.8.jar:?]
	at org.testng.internal.Invoker.invokeTestMethods(Invoker.java:1124) ~[testng-6.9.8.jar:?]
	at org.testng.internal.TestMethodWorker.invokeTestMethods(TestMethodWorker.java:125) ~[testng-6.9.8.jar:?]
	at org.testng.internal.TestMethodWorker.run(TestMethodWorker.java:108) ~[testng-6.9.8.jar:?]
	at org.testng.TestRunner.privateRun(TestRunner.java:774) ~[testng-6.9.8.jar:?]
	at org.testng.TestRunner.run(TestRunner.java:624) ~[testng-6.9.8.jar:?]
	at org.testng.SuiteRunner.runTest(SuiteRunner.java:359) ~[testng-6.9.8.jar:?]
	at org.testng.SuiteRunner.runSequentially(SuiteRunner.java:354) ~[testng-6.9.8.jar:?]
	at org.testng.SuiteRunner.privateRun(SuiteRunner.java:312) ~[testng-6.9.8.jar:?]
	at org.testng.SuiteRunner.run(SuiteRunner.java:261) ~[testng-6.9.8.jar:?]
	at org.testng.SuiteRunnerWorker.runSuite(SuiteRunnerWorker.java:52) ~[testng-6.9.8.jar:?]
	at org.testng.SuiteRunnerWorker.run(SuiteRunnerWorker.java:86) ~[testng-6.9.8.jar:?]
	at org.testng.TestNG.runSuitesSequentially(TestNG.java:1191) ~[testng-6.9.8.jar:?]
	at org.testng.TestNG.runSuitesLocally(TestNG.java:1116) ~[testng-6.9.8.jar:?]
	at org.testng.TestNG.run(TestNG.java:1024) ~[testng-6.9.8.jar:?]
	at org.testng.remote.AbstractRemoteTestNG.run(AbstractRemoteTestNG.java:115) ~[testng-remote.jar:?]
	at org.testng.remote.RemoteTestNG.initAndRun(RemoteTestNG.java:251) ~[testng-remote.jar:?]
	at org.testng.remote.RemoteTestNG.main(RemoteTestNG.java:77) ~[testng-remote.jar:?]
[DEBUG] 2022-11-15 00:14:50.178 [main] PlatformDependent0 - java.nio.Bits.unaligned: available, true
[DEBUG] 2022-11-15 00:14:50.179 [main] PlatformDependent0 - jdk.internal.misc.Unsafe.allocateUninitializedArray(int): unavailable
java.lang.IllegalAccessException: class io.netty.util.internal.PlatformDependent0$7 cannot access class jdk.internal.misc.Unsafe (in module java.base) because module java.base does not export jdk.internal.misc to unnamed module @6e06451e
	at jdk.internal.reflect.Reflection.newIllegalAccessException(Reflection.java:394) ~[?:?]
	at java.lang.reflect.AccessibleObject.checkAccess(AccessibleObject.java:674) ~[?:?]
	at java.lang.reflect.Method.invoke(Method.java:568) ~[?:?]
	at io.netty.util.internal.PlatformDependent0$7.run(PlatformDependent0.java:409) ~[netty-common-4.1.78.Final.jar:4.1.78.Final]
	at java.security.AccessController.doPrivileged(AccessController.java:318) ~[?:?]
	at io.netty.util.internal.PlatformDependent0.<clinit>(PlatformDependent0.java:400) ~[netty-common-4.1.78.Final.jar:4.1.78.Final]
	at io.netty.util.internal.PlatformDependent.isAndroid(PlatformDependent.java:294) ~[netty-common-4.1.78.Final.jar:4.1.78.Final]
	at io.netty.util.internal.PlatformDependent.<clinit>(PlatformDependent.java:88) ~[netty-common-4.1.78.Final.jar:4.1.78.Final]
	at io.netty.util.HashedWheelTimer.<init>(HashedWheelTimer.java:114) ~[netty-common-4.1.78.Final.jar:4.1.78.Final]
	at io.netty.util.HashedWheelTimer.<init>(HashedWheelTimer.java:251) ~[netty-common-4.1.78.Final.jar:4.1.78.Final]
	at io.netty.util.HashedWheelTimer.<init>(HashedWheelTimer.java:224) ~[netty-common-4.1.78.Final.jar:4.1.78.Final]
	at io.netty.util.HashedWheelTimer.<init>(HashedWheelTimer.java:203) ~[netty-common-4.1.78.Final.jar:4.1.78.Final]
	at org.asynchttpclient.DefaultAsyncHttpClient.newNettyTimer(DefaultAsyncHttpClient.java:111) ~[async-http-client-2.12.3.jar:?]
	at org.asynchttpclient.DefaultAsyncHttpClient.<init>(DefaultAsyncHttpClient.java:90) ~[async-http-client-2.12.3.jar:?]
	at org.asynchttpclient.Dsl.asyncHttpClient(Dsl.java:32) ~[async-http-client-2.12.3.jar:?]
	at org.openqa.selenium.remote.http.netty.NettyClient.createHttpClient(NettyClient.java:93) ~[selenium-remote-driver-4.4.0.jar:?]
	at org.openqa.selenium.remote.http.netty.NettyClient.<clinit>(NettyClient.java:47) ~[selenium-remote-driver-4.4.0.jar:?]
	at org.openqa.selenium.remote.http.netty.NettyClient$Factory.createClient(NettyClient.java:134) ~[selenium-remote-driver-4.4.0.jar:?]
	at org.openqa.selenium.remote.HttpCommandExecutor.<init>(HttpCommandExecutor.java:107) ~[selenium-remote-driver-4.4.0.jar:?]
	at org.openqa.selenium.remote.HttpCommandExecutor.<init>(HttpCommandExecutor.java:94) ~[selenium-remote-driver-4.4.0.jar:?]
	at org.openqa.selenium.remote.HttpCommandExecutor.<init>(HttpCommandExecutor.java:85) ~[selenium-remote-driver-4.4.0.jar:?]
	at org.openqa.selenium.remote.service.DriverCommandExecutor.<init>(DriverCommandExecutor.java:80) ~[selenium-remote-driver-4.4.0.jar:?]
	at org.openqa.selenium.chromium.ChromiumDriverCommandExecutor.<init>(ChromiumDriverCommandExecutor.java:35) ~[selenium-chromium-driver-4.4.0.jar:?]
	at org.openqa.selenium.chrome.ChromeDriver$ChromeDriverCommandExecutor.<init>(ChromeDriver.java:93) ~[selenium-chrome-driver-4.4.0.jar:?]
	at org.openqa.selenium.chrome.ChromeDriver.<init>(ChromeDriver.java:81) ~[selenium-chrome-driver-4.4.0.jar:?]
	at org.openqa.selenium.chrome.ChromeDriver.<init>(ChromeDriver.java:49) ~[selenium-chrome-driver-4.4.0.jar:?]
	at com.magrabi.WEB.Tests.Test_SignInPage.beforeTestt(Test_SignInPage.java:66) ~[test-classes/:?]
	at jdk.internal.reflect.DirectMethodHandleAccessor.invoke(DirectMethodHandleAccessor.java:104) ~[?:?]
	at java.lang.reflect.Method.invoke(Method.java:577) ~[?:?]
	at org.testng.internal.MethodInvocationHelper.invokeMethod(MethodInvocationHelper.java:85) ~[testng-6.9.8.jar:?]
	at org.testng.internal.Invoker.invokeConfigurationMethod(Invoker.java:510) ~[testng-6.9.8.jar:?]
	at org.testng.internal.Invoker.invokeConfigurations(Invoker.java:211) ~[testng-6.9.8.jar:?]
	at org.testng.internal.Invoker.invokeMethod(Invoker.java:585) ~[testng-6.9.8.jar:?]
	at org.testng.internal.Invoker.invokeTestMethod(Invoker.java:816) ~[testng-6.9.8.jar:?]
	at org.testng.internal.Invoker.invokeTestMethods(Invoker.java:1124) ~[testng-6.9.8.jar:?]
	at org.testng.internal.TestMethodWorker.invokeTestMethods(TestMethodWorker.java:125) ~[testng-6.9.8.jar:?]
	at org.testng.internal.TestMethodWorker.run(TestMethodWorker.java:108) ~[testng-6.9.8.jar:?]
	at org.testng.TestRunner.privateRun(TestRunner.java:774) ~[testng-6.9.8.jar:?]
	at org.testng.TestRunner.run(TestRunner.java:624) ~[testng-6.9.8.jar:?]
	at org.testng.SuiteRunner.runTest(SuiteRunner.java:359) ~[testng-6.9.8.jar:?]
	at org.testng.SuiteRunner.runSequentially(SuiteRunner.java:354) ~[testng-6.9.8.jar:?]
	at org.testng.SuiteRunner.privateRun(SuiteRunner.java:312) ~[testng-6.9.8.jar:?]
	at org.testng.SuiteRunner.run(SuiteRunner.java:261) ~[testng-6.9.8.jar:?]
	at org.testng.SuiteRunnerWorker.runSuite(SuiteRunnerWorker.java:52) ~[testng-6.9.8.jar:?]
	at org.testng.SuiteRunnerWorker.run(SuiteRunnerWorker.java:86) ~[testng-6.9.8.jar:?]
	at org.testng.TestNG.runSuitesSequentially(TestNG.java:1191) ~[testng-6.9.8.jar:?]
	at org.testng.TestNG.runSuitesLocally(TestNG.java:1116) ~[testng-6.9.8.jar:?]
	at org.testng.TestNG.run(TestNG.java:1024) ~[testng-6.9.8.jar:?]
	at org.testng.remote.AbstractRemoteTestNG.run(AbstractRemoteTestNG.java:115) ~[testng-remote.jar:?]
	at org.testng.remote.RemoteTestNG.initAndRun(RemoteTestNG.java:251) ~[testng-remote.jar:?]
	at org.testng.remote.RemoteTestNG.main(RemoteTestNG.java:77) ~[testng-remote.jar:?]
[DEBUG] 2022-11-15 00:14:50.181 [main] PlatformDependent0 - java.nio.DirectByteBuffer.<init>(long, int): unavailable
[DEBUG] 2022-11-15 00:14:50.181 [main] PlatformDependent - sun.misc.Unsafe: available
[DEBUG] 2022-11-15 00:14:50.181 [main] PlatformDependent - maxDirectMemory: 2076180480 bytes (maybe)
[DEBUG] 2022-11-15 00:14:50.182 [main] PlatformDependent - -Dio.netty.tmpdir: C:\Users\Dell\AppData\Local\Temp (java.io.tmpdir)
[DEBUG] 2022-11-15 00:14:50.182 [main] PlatformDependent - -Dio.netty.bitMode: 64 (sun.arch.data.model)
[DEBUG] 2022-11-15 00:14:50.182 [main] PlatformDependent - Platform: Windows
[DEBUG] 2022-11-15 00:14:50.182 [main] PlatformDependent - -Dio.netty.maxDirectMemory: -1 bytes
[DEBUG] 2022-11-15 00:14:50.182 [main] PlatformDependent - -Dio.netty.uninitializedArrayAllocationThreshold: -1
[DEBUG] 2022-11-15 00:14:50.183 [main] CleanerJava9 - java.nio.ByteBuffer.cleaner(): available
[DEBUG] 2022-11-15 00:14:50.183 [main] PlatformDependent - -Dio.netty.noPreferDirect: false
[DEBUG] 2022-11-15 00:14:50.188 [main] PlatformDependent - org.jctools-core.MpscChunkedArrayQueue: available
[DEBUG] 2022-11-15 00:14:50.203 [main] InternalThreadLocalMap - -Dio.netty.threadLocalMap.stringBuilder.initialSize: 1024
[DEBUG] 2022-11-15 00:14:50.203 [main] InternalThreadLocalMap - -Dio.netty.threadLocalMap.stringBuilder.maxSize: 4096
[DEBUG] 2022-11-15 00:14:50.217 [main] JdkSslContext - Default protocols (JDK): [TLSv1.3, TLSv1.2] 
[DEBUG] 2022-11-15 00:14:50.217 [main] JdkSslContext - Default cipher suites (JDK): [TLS_ECDHE_ECDSA_WITH_AES_256_GCM_SHA384, TLS_ECDHE_ECDSA_WITH_AES_128_GCM_SHA256, TLS_ECDHE_RSA_WITH_AES_128_GCM_SHA256, TLS_ECDHE_RSA_WITH_AES_256_GCM_SHA384, TLS_ECDHE_RSA_WITH_AES_128_CBC_SHA, TLS_ECDHE_RSA_WITH_AES_256_CBC_SHA, TLS_RSA_WITH_AES_128_GCM_SHA256, TLS_RSA_WITH_AES_128_CBC_SHA, TLS_RSA_WITH_AES_256_CBC_SHA, TLS_AES_128_GCM_SHA256, TLS_AES_256_GCM_SHA384]
[DEBUG] 2022-11-15 00:14:50.242 [main] MultithreadEventLoopGroup - -Dio.netty.eventLoopThreads: 8
[DEBUG] 2022-11-15 00:14:50.250 [main] NioEventLoop - -Dio.netty.noKeySetOptimization: false
[DEBUG] 2022-11-15 00:14:50.250 [main] NioEventLoop - -Dio.netty.selectorAutoRebuildThreshold: 512
[TRACE] 2022-11-15 00:14:50.260 [main] NioEventLoop - instrumented a special java.util.Set into: sun.nio.ch.WEPollSelectorImpl@1f53481b
[TRACE] 2022-11-15 00:14:50.262 [main] NioEventLoop - instrumented a special java.util.Set into: sun.nio.ch.WEPollSelectorImpl@2e869098
[TRACE] 2022-11-15 00:14:50.263 [main] NioEventLoop - instrumented a special java.util.Set into: sun.nio.ch.WEPollSelectorImpl@37c36608
[TRACE] 2022-11-15 00:14:50.263 [main] NioEventLoop - instrumented a special java.util.Set into: sun.nio.ch.WEPollSelectorImpl@5d497a91
[TRACE] 2022-11-15 00:14:50.264 [main] NioEventLoop - instrumented a special java.util.Set into: sun.nio.ch.WEPollSelectorImpl@617389a
[TRACE] 2022-11-15 00:14:50.264 [main] NioEventLoop - instrumented a special java.util.Set into: sun.nio.ch.WEPollSelectorImpl@1c8f6a90
[TRACE] 2022-11-15 00:14:50.264 [main] NioEventLoop - instrumented a special java.util.Set into: sun.nio.ch.WEPollSelectorImpl@3050ac2f
[TRACE] 2022-11-15 00:14:50.265 [main] NioEventLoop - instrumented a special java.util.Set into: sun.nio.ch.WEPollSelectorImpl@265bd546
[DEBUG] 2022-11-15 00:14:50.286 [main] PooledByteBufAllocator - -Dio.netty.allocator.numHeapArenas: 8
[DEBUG] 2022-11-15 00:14:50.286 [main] PooledByteBufAllocator - -Dio.netty.allocator.numDirectArenas: 8
[DEBUG] 2022-11-15 00:14:50.286 [main] PooledByteBufAllocator - -Dio.netty.allocator.pageSize: 8192
[DEBUG] 2022-11-15 00:14:50.286 [main] PooledByteBufAllocator - -Dio.netty.allocator.maxOrder: 9
[DEBUG] 2022-11-15 00:14:50.286 [main] PooledByteBufAllocator - -Dio.netty.allocator.chunkSize: 4194304
[DEBUG] 2022-11-15 00:14:50.286 [main] PooledByteBufAllocator - -Dio.netty.allocator.smallCacheSize: 256
[DEBUG] 2022-11-15 00:14:50.286 [main] PooledByteBufAllocator - -Dio.netty.allocator.normalCacheSize: 64
[DEBUG] 2022-11-15 00:14:50.286 [main] PooledByteBufAllocator - -Dio.netty.allocator.maxCachedBufferCapacity: 32768
[DEBUG] 2022-11-15 00:14:50.286 [main] PooledByteBufAllocator - -Dio.netty.allocator.cacheTrimInterval: 8192
[DEBUG] 2022-11-15 00:14:50.286 [main] PooledByteBufAllocator - -Dio.netty.allocator.cacheTrimIntervalMillis: 0
[DEBUG] 2022-11-15 00:14:50.286 [main] PooledByteBufAllocator - -Dio.netty.allocator.useCacheForAllThreads: false
[DEBUG] 2022-11-15 00:14:50.286 [main] PooledByteBufAllocator - -Dio.netty.allocator.maxCachedByteBuffersPerChunk: 1023
[DEBUG] 2022-11-15 00:14:50.298 [main] ByteBufUtil - -Dio.netty.allocator.type: pooled
[DEBUG] 2022-11-15 00:14:50.298 [main] ByteBufUtil - -Dio.netty.threadLocalDirectBufferSize: 0
[DEBUG] 2022-11-15 00:14:50.298 [main] ByteBufUtil - -Dio.netty.maxThreadLocalCharBufferSize: 16384
[DEBUG] 2022-11-15 00:14:50.672 [Forwarding newSession on session null to remote] DefaultChannelId - -Dio.netty.processId: 29020 (auto-detected)
[DEBUG] 2022-11-15 00:14:50.674 [Forwarding newSession on session null to remote] NetUtil - -Djava.net.preferIPv4Stack: false
[DEBUG] 2022-11-15 00:14:50.674 [Forwarding newSession on session null to remote] NetUtil - -Djava.net.preferIPv6Addresses: false
[DEBUG] 2022-11-15 00:14:50.688 [Forwarding newSession on session null to remote] NetUtilInitializations - Loopback interface: lo (Software Loopback Interface 1, 127.0.0.1)
[DEBUG] 2022-11-15 00:14:50.689 [Forwarding newSession on session null to remote] NetUtil - Failed to get SOMAXCONN from sysctl and file \proc\sys\net\core\somaxconn. Default: 200
[DEBUG] 2022-11-15 00:14:50.715 [Forwarding newSession on session null to remote] DefaultChannelId - -Dio.netty.machineId: 00:09:0f:ff:fe:aa:00:01 (auto-detected)
[DEBUG] 2022-11-15 00:14:50.756 [AsyncHttpClient-1-2] AbstractByteBuf - -Dio.netty.buffer.checkAccessible: true
[DEBUG] 2022-11-15 00:14:50.757 [AsyncHttpClient-1-2] AbstractByteBuf - -Dio.netty.buffer.checkBounds: true
[DEBUG] 2022-11-15 00:14:50.757 [AsyncHttpClient-1-2] ResourceLeakDetectorFactory - Loaded default ResourceLeakDetector: io.netty.util.ResourceLeakDetector@4b230926
[DEBUG] 2022-11-15 00:14:50.772 [AsyncHttpClient-1-2] Recycler - -Dio.netty.recycler.maxCapacityPerThread: 4096
[DEBUG] 2022-11-15 00:14:50.772 [AsyncHttpClient-1-2] Recycler - -Dio.netty.recycler.ratio: 8
[DEBUG] 2022-11-15 00:14:50.772 [AsyncHttpClient-1-2] Recycler - -Dio.netty.recycler.chunkSize: 32
[DEBUG] 2022-11-15 00:14:50.772 [AsyncHttpClient-1-2] Recycler - -Dio.netty.recycler.blocking: false
[DEBUG] 2022-11-15 00:14:51.773 [AsyncHttpClient-1-2] Brotli - brotli4j not in the classpath; Brotli support will be unavailable.
[DEBUG] 2022-11-15 00:14:51.921 [main] ThreadLocalRandom - -Dio.netty.initialSeedUniquifier: 0xbbfe5409550bf6d5
[INFO ] 2022-11-15 00:15:01.836 [main] Test_SignInPage - This is information message
[INFO ] 2022-11-15 00:15:01.836 [main] Test_SignInPage - This is information message
[ERROR] 2022-11-15 00:15:01.837 [main] Test_SignInPage - This is error message
[ERROR] 2022-11-15 00:15:01.837 [main] Test_SignInPage - This is error message
[WARN ] 2022-11-15 00:15:01.837 [main] Test_SignInPage - This is warning message
[WARN ] 2022-11-15 00:15:01.837 [main] Test_SignInPage - This is warning message
[FATAL] 2022-11-15 00:15:01.837 [main] Test_SignInPage - This is fatal message
[FATAL] 2022-11-15 00:15:01.837 [main] Test_SignInPage - This is fatal message
[DEBUG] 2022-11-15 23:47:42.941 [main] InternalLoggerFactory - Using Log4J2 as the default logging framework
[DEBUG] 2022-11-15 23:47:42.948 [main] ResourceLeakDetector - -Dio.netty.leakDetection.level: simple
[DEBUG] 2022-11-15 23:47:42.948 [main] ResourceLeakDetector - -Dio.netty.leakDetection.targetRecords: 4
[DEBUG] 2022-11-15 23:47:42.953 [main] ResourceLeakDetectorFactory - Loaded default ResourceLeakDetector: io.netty.util.ResourceLeakDetector@14ef2482
[DEBUG] 2022-11-15 23:47:42.971 [main] PlatformDependent0 - -Dio.netty.noUnsafe: false
[DEBUG] 2022-11-15 23:47:42.971 [main] PlatformDependent0 - Java version: 18
[DEBUG] 2022-11-15 23:47:42.973 [main] PlatformDependent0 - sun.misc.Unsafe.theUnsafe: available
[DEBUG] 2022-11-15 23:47:42.973 [main] PlatformDependent0 - sun.misc.Unsafe.copyMemory: available
[DEBUG] 2022-11-15 23:47:42.974 [main] PlatformDependent0 - sun.misc.Unsafe.storeFence: available
[DEBUG] 2022-11-15 23:47:42.974 [main] PlatformDependent0 - java.nio.Buffer.address: available
[DEBUG] 2022-11-15 23:47:42.975 [main] PlatformDependent0 - direct buffer constructor: unavailable
java.lang.UnsupportedOperationException: Reflective setAccessible(true) disabled
	at io.netty.util.internal.ReflectionUtil.trySetAccessible(ReflectionUtil.java:31) ~[netty-common-4.1.78.Final.jar:4.1.78.Final]
	at io.netty.util.internal.PlatformDependent0$5.run(PlatformDependent0.java:287) ~[netty-common-4.1.78.Final.jar:4.1.78.Final]
	at java.security.AccessController.doPrivileged(AccessController.java:318) ~[?:?]
	at io.netty.util.internal.PlatformDependent0.<clinit>(PlatformDependent0.java:281) ~[netty-common-4.1.78.Final.jar:4.1.78.Final]
	at io.netty.util.internal.PlatformDependent.isAndroid(PlatformDependent.java:294) ~[netty-common-4.1.78.Final.jar:4.1.78.Final]
	at io.netty.util.internal.PlatformDependent.<clinit>(PlatformDependent.java:88) ~[netty-common-4.1.78.Final.jar:4.1.78.Final]
	at io.netty.util.HashedWheelTimer.<init>(HashedWheelTimer.java:114) ~[netty-common-4.1.78.Final.jar:4.1.78.Final]
	at io.netty.util.HashedWheelTimer.<init>(HashedWheelTimer.java:251) ~[netty-common-4.1.78.Final.jar:4.1.78.Final]
	at io.netty.util.HashedWheelTimer.<init>(HashedWheelTimer.java:224) ~[netty-common-4.1.78.Final.jar:4.1.78.Final]
	at io.netty.util.HashedWheelTimer.<init>(HashedWheelTimer.java:203) ~[netty-common-4.1.78.Final.jar:4.1.78.Final]
	at org.asynchttpclient.DefaultAsyncHttpClient.newNettyTimer(DefaultAsyncHttpClient.java:111) ~[async-http-client-2.12.3.jar:?]
	at org.asynchttpclient.DefaultAsyncHttpClient.<init>(DefaultAsyncHttpClient.java:90) ~[async-http-client-2.12.3.jar:?]
	at org.asynchttpclient.Dsl.asyncHttpClient(Dsl.java:32) ~[async-http-client-2.12.3.jar:?]
	at org.openqa.selenium.remote.http.netty.NettyClient.createHttpClient(NettyClient.java:93) ~[selenium-remote-driver-4.4.0.jar:?]
	at org.openqa.selenium.remote.http.netty.NettyClient.<clinit>(NettyClient.java:47) ~[selenium-remote-driver-4.4.0.jar:?]
	at org.openqa.selenium.remote.http.netty.NettyClient$Factory.createClient(NettyClient.java:134) ~[selenium-remote-driver-4.4.0.jar:?]
	at org.openqa.selenium.remote.HttpCommandExecutor.<init>(HttpCommandExecutor.java:107) ~[selenium-remote-driver-4.4.0.jar:?]
	at org.openqa.selenium.remote.HttpCommandExecutor.<init>(HttpCommandExecutor.java:94) ~[selenium-remote-driver-4.4.0.jar:?]
	at org.openqa.selenium.remote.HttpCommandExecutor.<init>(HttpCommandExecutor.java:85) ~[selenium-remote-driver-4.4.0.jar:?]
	at org.openqa.selenium.remote.service.DriverCommandExecutor.<init>(DriverCommandExecutor.java:80) ~[selenium-remote-driver-4.4.0.jar:?]
	at org.openqa.selenium.chromium.ChromiumDriverCommandExecutor.<init>(ChromiumDriverCommandExecutor.java:35) ~[selenium-chromium-driver-4.4.0.jar:?]
	at org.openqa.selenium.chrome.ChromeDriver$ChromeDriverCommandExecutor.<init>(ChromeDriver.java:93) ~[selenium-chrome-driver-4.4.0.jar:?]
	at org.openqa.selenium.chrome.ChromeDriver.<init>(ChromeDriver.java:81) ~[selenium-chrome-driver-4.4.0.jar:?]
	at org.openqa.selenium.chrome.ChromeDriver.<init>(ChromeDriver.java:49) ~[selenium-chrome-driver-4.4.0.jar:?]
	at com.magrabi.WEB.Tests.Test_SignInPage.beforeTestt(Test_SignInPage.java:68) ~[test-classes/:?]
	at jdk.internal.reflect.DirectMethodHandleAccessor.invoke(DirectMethodHandleAccessor.java:104) ~[?:?]
	at java.lang.reflect.Method.invoke(Method.java:577) ~[?:?]
	at org.testng.internal.MethodInvocationHelper.invokeMethod(MethodInvocationHelper.java:85) ~[testng-6.9.8.jar:?]
	at org.testng.internal.Invoker.invokeConfigurationMethod(Invoker.java:510) ~[testng-6.9.8.jar:?]
	at org.testng.internal.Invoker.invokeConfigurations(Invoker.java:211) ~[testng-6.9.8.jar:?]
	at org.testng.internal.Invoker.invokeMethod(Invoker.java:585) ~[testng-6.9.8.jar:?]
	at org.testng.internal.Invoker.invokeTestMethod(Invoker.java:816) ~[testng-6.9.8.jar:?]
	at org.testng.internal.Invoker.invokeTestMethods(Invoker.java:1124) ~[testng-6.9.8.jar:?]
	at org.testng.internal.TestMethodWorker.invokeTestMethods(TestMethodWorker.java:125) ~[testng-6.9.8.jar:?]
	at org.testng.internal.TestMethodWorker.run(TestMethodWorker.java:108) ~[testng-6.9.8.jar:?]
	at org.testng.TestRunner.privateRun(TestRunner.java:774) ~[testng-6.9.8.jar:?]
	at org.testng.TestRunner.run(TestRunner.java:624) ~[testng-6.9.8.jar:?]
	at org.testng.SuiteRunner.runTest(SuiteRunner.java:359) ~[testng-6.9.8.jar:?]
	at org.testng.SuiteRunner.runSequentially(SuiteRunner.java:354) ~[testng-6.9.8.jar:?]
	at org.testng.SuiteRunner.privateRun(SuiteRunner.java:312) ~[testng-6.9.8.jar:?]
	at org.testng.SuiteRunner.run(SuiteRunner.java:261) ~[testng-6.9.8.jar:?]
	at org.testng.SuiteRunnerWorker.runSuite(SuiteRunnerWorker.java:52) ~[testng-6.9.8.jar:?]
	at org.testng.SuiteRunnerWorker.run(SuiteRunnerWorker.java:86) ~[testng-6.9.8.jar:?]
	at org.testng.TestNG.runSuitesSequentially(TestNG.java:1191) ~[testng-6.9.8.jar:?]
	at org.testng.TestNG.runSuitesLocally(TestNG.java:1116) ~[testng-6.9.8.jar:?]
	at org.testng.TestNG.run(TestNG.java:1024) ~[testng-6.9.8.jar:?]
	at org.testng.remote.AbstractRemoteTestNG.run(AbstractRemoteTestNG.java:115) ~[testng-remote.jar:?]
	at org.testng.remote.RemoteTestNG.initAndRun(RemoteTestNG.java:251) ~[testng-remote.jar:?]
	at org.testng.remote.RemoteTestNG.main(RemoteTestNG.java:77) ~[testng-remote.jar:?]
[DEBUG] 2022-11-15 23:47:42.980 [main] PlatformDependent0 - java.nio.Bits.unaligned: available, true
[DEBUG] 2022-11-15 23:47:42.980 [main] PlatformDependent0 - jdk.internal.misc.Unsafe.allocateUninitializedArray(int): unavailable
java.lang.IllegalAccessException: class io.netty.util.internal.PlatformDependent0$7 cannot access class jdk.internal.misc.Unsafe (in module java.base) because module java.base does not export jdk.internal.misc to unnamed module @6e06451e
	at jdk.internal.reflect.Reflection.newIllegalAccessException(Reflection.java:394) ~[?:?]
	at java.lang.reflect.AccessibleObject.checkAccess(AccessibleObject.java:674) ~[?:?]
	at java.lang.reflect.Method.invoke(Method.java:568) ~[?:?]
	at io.netty.util.internal.PlatformDependent0$7.run(PlatformDependent0.java:409) ~[netty-common-4.1.78.Final.jar:4.1.78.Final]
	at java.security.AccessController.doPrivileged(AccessController.java:318) ~[?:?]
	at io.netty.util.internal.PlatformDependent0.<clinit>(PlatformDependent0.java:400) ~[netty-common-4.1.78.Final.jar:4.1.78.Final]
	at io.netty.util.internal.PlatformDependent.isAndroid(PlatformDependent.java:294) ~[netty-common-4.1.78.Final.jar:4.1.78.Final]
	at io.netty.util.internal.PlatformDependent.<clinit>(PlatformDependent.java:88) ~[netty-common-4.1.78.Final.jar:4.1.78.Final]
	at io.netty.util.HashedWheelTimer.<init>(HashedWheelTimer.java:114) ~[netty-common-4.1.78.Final.jar:4.1.78.Final]
	at io.netty.util.HashedWheelTimer.<init>(HashedWheelTimer.java:251) ~[netty-common-4.1.78.Final.jar:4.1.78.Final]
	at io.netty.util.HashedWheelTimer.<init>(HashedWheelTimer.java:224) ~[netty-common-4.1.78.Final.jar:4.1.78.Final]
	at io.netty.util.HashedWheelTimer.<init>(HashedWheelTimer.java:203) ~[netty-common-4.1.78.Final.jar:4.1.78.Final]
	at org.asynchttpclient.DefaultAsyncHttpClient.newNettyTimer(DefaultAsyncHttpClient.java:111) ~[async-http-client-2.12.3.jar:?]
	at org.asynchttpclient.DefaultAsyncHttpClient.<init>(DefaultAsyncHttpClient.java:90) ~[async-http-client-2.12.3.jar:?]
	at org.asynchttpclient.Dsl.asyncHttpClient(Dsl.java:32) ~[async-http-client-2.12.3.jar:?]
	at org.openqa.selenium.remote.http.netty.NettyClient.createHttpClient(NettyClient.java:93) ~[selenium-remote-driver-4.4.0.jar:?]
	at org.openqa.selenium.remote.http.netty.NettyClient.<clinit>(NettyClient.java:47) ~[selenium-remote-driver-4.4.0.jar:?]
	at org.openqa.selenium.remote.http.netty.NettyClient$Factory.createClient(NettyClient.java:134) ~[selenium-remote-driver-4.4.0.jar:?]
	at org.openqa.selenium.remote.HttpCommandExecutor.<init>(HttpCommandExecutor.java:107) ~[selenium-remote-driver-4.4.0.jar:?]
	at org.openqa.selenium.remote.HttpCommandExecutor.<init>(HttpCommandExecutor.java:94) ~[selenium-remote-driver-4.4.0.jar:?]
	at org.openqa.selenium.remote.HttpCommandExecutor.<init>(HttpCommandExecutor.java:85) ~[selenium-remote-driver-4.4.0.jar:?]
	at org.openqa.selenium.remote.service.DriverCommandExecutor.<init>(DriverCommandExecutor.java:80) ~[selenium-remote-driver-4.4.0.jar:?]
	at org.openqa.selenium.chromium.ChromiumDriverCommandExecutor.<init>(ChromiumDriverCommandExecutor.java:35) ~[selenium-chromium-driver-4.4.0.jar:?]
	at org.openqa.selenium.chrome.ChromeDriver$ChromeDriverCommandExecutor.<init>(ChromeDriver.java:93) ~[selenium-chrome-driver-4.4.0.jar:?]
	at org.openqa.selenium.chrome.ChromeDriver.<init>(ChromeDriver.java:81) ~[selenium-chrome-driver-4.4.0.jar:?]
	at org.openqa.selenium.chrome.ChromeDriver.<init>(ChromeDriver.java:49) ~[selenium-chrome-driver-4.4.0.jar:?]
	at com.magrabi.WEB.Tests.Test_SignInPage.beforeTestt(Test_SignInPage.java:68) ~[test-classes/:?]
	at jdk.internal.reflect.DirectMethodHandleAccessor.invoke(DirectMethodHandleAccessor.java:104) ~[?:?]
	at java.lang.reflect.Method.invoke(Method.java:577) ~[?:?]
	at org.testng.internal.MethodInvocationHelper.invokeMethod(MethodInvocationHelper.java:85) ~[testng-6.9.8.jar:?]
	at org.testng.internal.Invoker.invokeConfigurationMethod(Invoker.java:510) ~[testng-6.9.8.jar:?]
	at org.testng.internal.Invoker.invokeConfigurations(Invoker.java:211) ~[testng-6.9.8.jar:?]
	at org.testng.internal.Invoker.invokeMethod(Invoker.java:585) ~[testng-6.9.8.jar:?]
	at org.testng.internal.Invoker.invokeTestMethod(Invoker.java:816) ~[testng-6.9.8.jar:?]
	at org.testng.internal.Invoker.invokeTestMethods(Invoker.java:1124) ~[testng-6.9.8.jar:?]
	at org.testng.internal.TestMethodWorker.invokeTestMethods(TestMethodWorker.java:125) ~[testng-6.9.8.jar:?]
	at org.testng.internal.TestMethodWorker.run(TestMethodWorker.java:108) ~[testng-6.9.8.jar:?]
	at org.testng.TestRunner.privateRun(TestRunner.java:774) ~[testng-6.9.8.jar:?]
	at org.testng.TestRunner.run(TestRunner.java:624) ~[testng-6.9.8.jar:?]
	at org.testng.SuiteRunner.runTest(SuiteRunner.java:359) ~[testng-6.9.8.jar:?]
	at org.testng.SuiteRunner.runSequentially(SuiteRunner.java:354) ~[testng-6.9.8.jar:?]
	at org.testng.SuiteRunner.privateRun(SuiteRunner.java:312) ~[testng-6.9.8.jar:?]
	at org.testng.SuiteRunner.run(SuiteRunner.java:261) ~[testng-6.9.8.jar:?]
	at org.testng.SuiteRunnerWorker.runSuite(SuiteRunnerWorker.java:52) ~[testng-6.9.8.jar:?]
	at org.testng.SuiteRunnerWorker.run(SuiteRunnerWorker.java:86) ~[testng-6.9.8.jar:?]
	at org.testng.TestNG.runSuitesSequentially(TestNG.java:1191) ~[testng-6.9.8.jar:?]
	at org.testng.TestNG.runSuitesLocally(TestNG.java:1116) ~[testng-6.9.8.jar:?]
	at org.testng.TestNG.run(TestNG.java:1024) ~[testng-6.9.8.jar:?]
	at org.testng.remote.AbstractRemoteTestNG.run(AbstractRemoteTestNG.java:115) ~[testng-remote.jar:?]
	at org.testng.remote.RemoteTestNG.initAndRun(RemoteTestNG.java:251) ~[testng-remote.jar:?]
	at org.testng.remote.RemoteTestNG.main(RemoteTestNG.java:77) ~[testng-remote.jar:?]
[DEBUG] 2022-11-15 23:47:42.982 [main] PlatformDependent0 - java.nio.DirectByteBuffer.<init>(long, int): unavailable
[DEBUG] 2022-11-15 23:47:42.983 [main] PlatformDependent - sun.misc.Unsafe: available
[DEBUG] 2022-11-15 23:47:42.983 [main] PlatformDependent - maxDirectMemory: 2076180480 bytes (maybe)
[DEBUG] 2022-11-15 23:47:42.983 [main] PlatformDependent - -Dio.netty.tmpdir: C:\Users\Dell\AppData\Local\Temp (java.io.tmpdir)
[DEBUG] 2022-11-15 23:47:42.983 [main] PlatformDependent - -Dio.netty.bitMode: 64 (sun.arch.data.model)
[DEBUG] 2022-11-15 23:47:42.984 [main] PlatformDependent - Platform: Windows
[DEBUG] 2022-11-15 23:47:42.984 [main] PlatformDependent - -Dio.netty.maxDirectMemory: -1 bytes
[DEBUG] 2022-11-15 23:47:42.984 [main] PlatformDependent - -Dio.netty.uninitializedArrayAllocationThreshold: -1
[DEBUG] 2022-11-15 23:47:42.986 [main] CleanerJava9 - java.nio.ByteBuffer.cleaner(): available
[DEBUG] 2022-11-15 23:47:42.986 [main] PlatformDependent - -Dio.netty.noPreferDirect: false
[DEBUG] 2022-11-15 23:47:42.992 [main] PlatformDependent - org.jctools-core.MpscChunkedArrayQueue: available
[DEBUG] 2022-11-15 23:47:43.008 [main] InternalThreadLocalMap - -Dio.netty.threadLocalMap.stringBuilder.initialSize: 1024
[DEBUG] 2022-11-15 23:47:43.008 [main] InternalThreadLocalMap - -Dio.netty.threadLocalMap.stringBuilder.maxSize: 4096
[DEBUG] 2022-11-15 23:47:43.025 [main] JdkSslContext - Default protocols (JDK): [TLSv1.3, TLSv1.2] 
[DEBUG] 2022-11-15 23:47:43.025 [main] JdkSslContext - Default cipher suites (JDK): [TLS_ECDHE_ECDSA_WITH_AES_256_GCM_SHA384, TLS_ECDHE_ECDSA_WITH_AES_128_GCM_SHA256, TLS_ECDHE_RSA_WITH_AES_128_GCM_SHA256, TLS_ECDHE_RSA_WITH_AES_256_GCM_SHA384, TLS_ECDHE_RSA_WITH_AES_128_CBC_SHA, TLS_ECDHE_RSA_WITH_AES_256_CBC_SHA, TLS_RSA_WITH_AES_128_GCM_SHA256, TLS_RSA_WITH_AES_128_CBC_SHA, TLS_RSA_WITH_AES_256_CBC_SHA, TLS_AES_128_GCM_SHA256, TLS_AES_256_GCM_SHA384]
[DEBUG] 2022-11-15 23:47:43.044 [main] MultithreadEventLoopGroup - -Dio.netty.eventLoopThreads: 8
[DEBUG] 2022-11-15 23:47:43.052 [main] NioEventLoop - -Dio.netty.noKeySetOptimization: false
[DEBUG] 2022-11-15 23:47:43.052 [main] NioEventLoop - -Dio.netty.selectorAutoRebuildThreshold: 512
[TRACE] 2022-11-15 23:47:43.063 [main] NioEventLoop - instrumented a special java.util.Set into: sun.nio.ch.WEPollSelectorImpl@37468787
[TRACE] 2022-11-15 23:47:43.064 [main] NioEventLoop - instrumented a special java.util.Set into: sun.nio.ch.WEPollSelectorImpl@2fcd7d3f
[TRACE] 2022-11-15 23:47:43.065 [main] NioEventLoop - instrumented a special java.util.Set into: sun.nio.ch.WEPollSelectorImpl@27e7c77f
[TRACE] 2022-11-15 23:47:43.066 [main] NioEventLoop - instrumented a special java.util.Set into: sun.nio.ch.WEPollSelectorImpl@6f70a21b
[TRACE] 2022-11-15 23:47:43.066 [main] NioEventLoop - instrumented a special java.util.Set into: sun.nio.ch.WEPollSelectorImpl@6ae62c7e
[TRACE] 2022-11-15 23:47:43.066 [main] NioEventLoop - instrumented a special java.util.Set into: sun.nio.ch.WEPollSelectorImpl@2e869098
[TRACE] 2022-11-15 23:47:43.067 [main] NioEventLoop - instrumented a special java.util.Set into: sun.nio.ch.WEPollSelectorImpl@37c36608
[TRACE] 2022-11-15 23:47:43.068 [main] NioEventLoop - instrumented a special java.util.Set into: sun.nio.ch.WEPollSelectorImpl@5d497a91
[DEBUG] 2022-11-15 23:47:43.089 [main] PooledByteBufAllocator - -Dio.netty.allocator.numHeapArenas: 8
[DEBUG] 2022-11-15 23:47:43.089 [main] PooledByteBufAllocator - -Dio.netty.allocator.numDirectArenas: 8
[DEBUG] 2022-11-15 23:47:43.089 [main] PooledByteBufAllocator - -Dio.netty.allocator.pageSize: 8192
[DEBUG] 2022-11-15 23:47:43.090 [main] PooledByteBufAllocator - -Dio.netty.allocator.maxOrder: 9
[DEBUG] 2022-11-15 23:47:43.090 [main] PooledByteBufAllocator - -Dio.netty.allocator.chunkSize: 4194304
[DEBUG] 2022-11-15 23:47:43.090 [main] PooledByteBufAllocator - -Dio.netty.allocator.smallCacheSize: 256
[DEBUG] 2022-11-15 23:47:43.090 [main] PooledByteBufAllocator - -Dio.netty.allocator.normalCacheSize: 64
[DEBUG] 2022-11-15 23:47:43.090 [main] PooledByteBufAllocator - -Dio.netty.allocator.maxCachedBufferCapacity: 32768
[DEBUG] 2022-11-15 23:47:43.090 [main] PooledByteBufAllocator - -Dio.netty.allocator.cacheTrimInterval: 8192
[DEBUG] 2022-11-15 23:47:43.090 [main] PooledByteBufAllocator - -Dio.netty.allocator.cacheTrimIntervalMillis: 0
[DEBUG] 2022-11-15 23:47:43.090 [main] PooledByteBufAllocator - -Dio.netty.allocator.useCacheForAllThreads: false
[DEBUG] 2022-11-15 23:47:43.090 [main] PooledByteBufAllocator - -Dio.netty.allocator.maxCachedByteBuffersPerChunk: 1023
[DEBUG] 2022-11-15 23:47:43.100 [main] ByteBufUtil - -Dio.netty.allocator.type: pooled
[DEBUG] 2022-11-15 23:47:43.100 [main] ByteBufUtil - -Dio.netty.threadLocalDirectBufferSize: 0
[DEBUG] 2022-11-15 23:47:43.100 [main] ByteBufUtil - -Dio.netty.maxThreadLocalCharBufferSize: 16384
[DEBUG] 2022-11-15 23:47:44.664 [Forwarding newSession on session null to remote] DefaultChannelId - -Dio.netty.processId: 18684 (auto-detected)
[DEBUG] 2022-11-15 23:47:44.667 [Forwarding newSession on session null to remote] NetUtil - -Djava.net.preferIPv4Stack: false
[DEBUG] 2022-11-15 23:47:44.667 [Forwarding newSession on session null to remote] NetUtil - -Djava.net.preferIPv6Addresses: false
[DEBUG] 2022-11-15 23:47:44.686 [Forwarding newSession on session null to remote] NetUtilInitializations - Loopback interface: lo (Software Loopback Interface 1, 127.0.0.1)
[DEBUG] 2022-11-15 23:47:44.687 [Forwarding newSession on session null to remote] NetUtil - Failed to get SOMAXCONN from sysctl and file \proc\sys\net\core\somaxconn. Default: 200
[DEBUG] 2022-11-15 23:47:44.724 [Forwarding newSession on session null to remote] DefaultChannelId - -Dio.netty.machineId: 00:09:0f:ff:fe:aa:00:01 (auto-detected)
[DEBUG] 2022-11-15 23:47:44.773 [AsyncHttpClient-1-2] AbstractByteBuf - -Dio.netty.buffer.checkAccessible: true
[DEBUG] 2022-11-15 23:47:44.773 [AsyncHttpClient-1-2] AbstractByteBuf - -Dio.netty.buffer.checkBounds: true
[DEBUG] 2022-11-15 23:47:44.773 [AsyncHttpClient-1-2] ResourceLeakDetectorFactory - Loaded default ResourceLeakDetector: io.netty.util.ResourceLeakDetector@59dcccce
[DEBUG] 2022-11-15 23:47:44.794 [AsyncHttpClient-1-2] Recycler - -Dio.netty.recycler.maxCapacityPerThread: 4096
[DEBUG] 2022-11-15 23:47:44.794 [AsyncHttpClient-1-2] Recycler - -Dio.netty.recycler.ratio: 8
[DEBUG] 2022-11-15 23:47:44.794 [AsyncHttpClient-1-2] Recycler - -Dio.netty.recycler.chunkSize: 32
[DEBUG] 2022-11-15 23:47:44.794 [AsyncHttpClient-1-2] Recycler - -Dio.netty.recycler.blocking: false
[DEBUG] 2022-11-15 23:47:45.850 [AsyncHttpClient-1-2] Brotli - brotli4j not in the classpath; Brotli support will be unavailable.
[DEBUG] 2022-11-15 23:47:45.997 [main] ThreadLocalRandom - -Dio.netty.initialSeedUniquifier: 0x50a721ee2ef6aad9
[INFO ] 2022-11-15 23:47:54.193 [main] Test_SignInPage - This is information message
[INFO ] 2022-11-15 23:47:54.193 [main] Test_SignInPage - This is information message
[ERROR] 2022-11-15 23:47:54.193 [main] Test_SignInPage - This is error message
[ERROR] 2022-11-15 23:47:54.193 [main] Test_SignInPage - This is error message
[WARN ] 2022-11-15 23:47:54.193 [main] Test_SignInPage - This is warning message
[WARN ] 2022-11-15 23:47:54.193 [main] Test_SignInPage - This is warning message
[FATAL] 2022-11-15 23:47:54.194 [main] Test_SignInPage - This is fatal message
[FATAL] 2022-11-15 23:47:54.194 [main] Test_SignInPage - This is fatal message
